<?xml version="1.0" encoding="UTF-8"?>
<testsuite xmlns:xsi="http://www.w3.org/2001/XMLSchema-instance" xsi:noNamespaceSchemaLocation="https://maven.apache.org/surefire/maven-surefire-plugin/xsd/surefire-test-report-3.0.xsd" version="3.0" name="pages.HomePageTest" time="69.119" tests="6" errors="0" skipped="0" failures="0">
  <properties>
[...]
</properties>
  <testcase name="verifyErrorMessageForUploadingSameFile" classname="pages.HomePageTest" time="12.222">
    <system-out><![CDATA[20:07:57.458 [main] DEBUG io.github.bonigarcia.wdm.cache.ResolutionCache - Removing resolution chrome=99 from cache (expired on Fri Mar 25 20:02:32 EET 2022)
20:07:57.496 [main] DEBUG org.apache.hc.client5.http.impl.classic.InternalHttpClient - ex-00000001: preparing request execution
20:07:57.502 [main] DEBUG org.apache.hc.client5.http.protocol.RequestAddCookies - Cookie spec selected: strict
20:07:57.508 [main] DEBUG org.apache.hc.client5.http.protocol.RequestAuthCache - Auth cache not set in the context
20:07:57.508 [main] DEBUG org.apache.hc.client5.http.impl.classic.ProtocolExec - ex-00000001: target auth state: UNCHALLENGED
20:07:57.509 [main] DEBUG org.apache.hc.client5.http.impl.classic.ProtocolExec - ex-00000001: proxy auth state: UNCHALLENGED
20:07:57.509 [main] DEBUG org.apache.hc.client5.http.impl.classic.ConnectExec - ex-00000001: acquiring connection with route {s}->https://raw.githubusercontent.com:443
20:07:57.509 [main] DEBUG org.apache.hc.client5.http.impl.classic.InternalHttpClient - ex-00000001: acquiring endpoint (3 MINUTES)
20:07:57.511 [main] DEBUG org.apache.hc.client5.http.impl.io.PoolingHttpClientConnectionManager - ex-00000001: endpoint lease request (3 MINUTES) [route: {s}->https://raw.githubusercontent.com:443][total available: 0; route allocated: 0 of 5; total allocated: 0 of 25]
20:07:57.516 [main] DEBUG org.apache.hc.client5.http.impl.io.PoolingHttpClientConnectionManager - ex-00000001: endpoint leased [route: {s}->https://raw.githubusercontent.com:443][total available: 0; route allocated: 1 of 5; total allocated: 1 of 25]
20:07:57.529 [main] DEBUG org.apache.hc.client5.http.impl.io.PoolingHttpClientConnectionManager - ex-00000001: acquired ep-00000000
20:07:57.529 [main] DEBUG org.apache.hc.client5.http.impl.classic.InternalHttpClient - ex-00000001: acquired endpoint ep-00000000
20:07:57.529 [main] DEBUG org.apache.hc.client5.http.impl.classic.ConnectExec - ex-00000001: opening connection {s}->https://raw.githubusercontent.com:443
20:07:57.531 [main] DEBUG org.apache.hc.client5.http.impl.classic.InternalHttpClient - ep-00000000: connecting endpoint (30 SECONDS)
20:07:57.531 [main] DEBUG org.apache.hc.client5.http.impl.io.PoolingHttpClientConnectionManager - ep-00000000: connecting endpoint to https://raw.githubusercontent.com:443 (30 SECONDS)
20:07:57.556 [main] DEBUG org.apache.hc.client5.http.impl.io.DefaultHttpClientConnectionOperator - http-outgoing-0: connecting to raw.githubusercontent.com/185.199.110.133:443
20:07:57.556 [main] DEBUG org.apache.hc.client5.http.ssl.SSLConnectionSocketFactory - Connecting socket to raw.githubusercontent.com/185.199.110.133:443 with timeout 30 SECONDS
20:07:57.669 [main] DEBUG org.apache.hc.client5.http.ssl.SSLConnectionSocketFactory - Enabled protocols: [TLSv1.3, TLSv1.2]
20:07:57.669 [main] DEBUG org.apache.hc.client5.http.ssl.SSLConnectionSocketFactory - Enabled cipher suites: [TLS_AES_256_GCM_SHA384, TLS_AES_128_GCM_SHA256, TLS_CHACHA20_POLY1305_SHA256, TLS_ECDHE_ECDSA_WITH_AES_256_GCM_SHA384, TLS_ECDHE_ECDSA_WITH_AES_128_GCM_SHA256, TLS_ECDHE_ECDSA_WITH_CHACHA20_POLY1305_SHA256, TLS_ECDHE_RSA_WITH_AES_256_GCM_SHA384, TLS_ECDHE_RSA_WITH_CHACHA20_POLY1305_SHA256, TLS_ECDHE_RSA_WITH_AES_128_GCM_SHA256, TLS_DHE_RSA_WITH_AES_256_GCM_SHA384, TLS_DHE_RSA_WITH_CHACHA20_POLY1305_SHA256, TLS_DHE_DSS_WITH_AES_256_GCM_SHA384, TLS_DHE_RSA_WITH_AES_128_GCM_SHA256, TLS_DHE_DSS_WITH_AES_128_GCM_SHA256, TLS_ECDHE_ECDSA_WITH_AES_256_CBC_SHA384, TLS_ECDHE_RSA_WITH_AES_256_CBC_SHA384, TLS_ECDHE_ECDSA_WITH_AES_128_CBC_SHA256, TLS_ECDHE_RSA_WITH_AES_128_CBC_SHA256, TLS_DHE_RSA_WITH_AES_256_CBC_SHA256, TLS_DHE_DSS_WITH_AES_256_CBC_SHA256, TLS_DHE_RSA_WITH_AES_128_CBC_SHA256, TLS_DHE_DSS_WITH_AES_128_CBC_SHA256, TLS_ECDH_ECDSA_WITH_AES_256_GCM_SHA384, TLS_ECDH_RSA_WITH_AES_256_GCM_SHA384, TLS_ECDH_ECDSA_WITH_AES_128_GCM_SHA256, TLS_ECDH_RSA_WITH_AES_128_GCM_SHA256, TLS_ECDH_ECDSA_WITH_AES_256_CBC_SHA384, TLS_ECDH_RSA_WITH_AES_256_CBC_SHA384, TLS_ECDH_ECDSA_WITH_AES_128_CBC_SHA256, TLS_ECDH_RSA_WITH_AES_128_CBC_SHA256, TLS_ECDHE_ECDSA_WITH_AES_256_CBC_SHA, TLS_ECDHE_RSA_WITH_AES_256_CBC_SHA, TLS_ECDHE_ECDSA_WITH_AES_128_CBC_SHA, TLS_ECDHE_RSA_WITH_AES_128_CBC_SHA, TLS_DHE_RSA_WITH_AES_256_CBC_SHA, TLS_DHE_DSS_WITH_AES_256_CBC_SHA, TLS_DHE_RSA_WITH_AES_128_CBC_SHA, TLS_DHE_DSS_WITH_AES_128_CBC_SHA, TLS_ECDH_ECDSA_WITH_AES_256_CBC_SHA, TLS_ECDH_RSA_WITH_AES_256_CBC_SHA, TLS_ECDH_ECDSA_WITH_AES_128_CBC_SHA, TLS_ECDH_RSA_WITH_AES_128_CBC_SHA, TLS_RSA_WITH_AES_256_GCM_SHA384, TLS_RSA_WITH_AES_128_GCM_SHA256, TLS_RSA_WITH_AES_256_CBC_SHA256, TLS_RSA_WITH_AES_128_CBC_SHA256, TLS_RSA_WITH_AES_256_CBC_SHA, TLS_RSA_WITH_AES_128_CBC_SHA, TLS_EMPTY_RENEGOTIATION_INFO_SCSV]
20:07:57.670 [main] DEBUG org.apache.hc.client5.http.ssl.SSLConnectionSocketFactory - Starting handshake
20:07:57.884 [main] DEBUG org.apache.hc.client5.http.ssl.SSLConnectionSocketFactory - Secure session established
20:07:57.884 [main] DEBUG org.apache.hc.client5.http.ssl.SSLConnectionSocketFactory -  negotiated protocol: TLSv1.3
20:07:57.884 [main] DEBUG org.apache.hc.client5.http.ssl.SSLConnectionSocketFactory -  negotiated cipher suite: TLS_AES_256_GCM_SHA384
20:07:57.884 [main] DEBUG org.apache.hc.client5.http.ssl.SSLConnectionSocketFactory -  peer principal: CN=*.github.io, O="GitHub, Inc.", L=San Francisco, ST=California, C=US
20:07:57.886 [main] DEBUG org.apache.hc.client5.http.ssl.SSLConnectionSocketFactory -  peer alternative names: [*.github.io, github.com, *.github.com, www.github.com, github.io, githubusercontent.com, *.githubusercontent.com]
20:07:57.886 [main] DEBUG org.apache.hc.client5.http.ssl.SSLConnectionSocketFactory -  issuer principal: CN=DigiCert TLS RSA SHA256 2020 CA1, O=DigiCert Inc, C=US
20:07:57.887 [main] DEBUG org.apache.hc.client5.http.impl.io.DefaultHttpClientConnectionOperator - http-outgoing-0: connection established 192.168.0.107:60175<->185.199.110.133:443
20:07:57.888 [main] DEBUG org.apache.hc.client5.http.impl.io.PoolingHttpClientConnectionManager - ep-00000000: connected http-outgoing-0
20:07:57.888 [main] DEBUG org.apache.hc.client5.http.impl.classic.InternalHttpClient - ep-00000000: endpoint connected
20:07:57.888 [main] DEBUG org.apache.hc.client5.http.impl.classic.MainClientExec - ex-00000001: executing GET /bonigarcia/webdrivermanager/master/src/main/resources/commands.properties HTTP/1.1
20:07:57.889 [main] DEBUG org.apache.hc.client5.http.impl.classic.InternalHttpClient - ep-00000000: start execution ex-00000001
20:07:57.889 [main] DEBUG org.apache.hc.client5.http.impl.io.PoolingHttpClientConnectionManager - ep-00000000: executing exchange ex-00000001 over http-outgoing-0
20:07:57.890 [main] DEBUG org.apache.hc.client5.http.headers - http-outgoing-0 >> GET /bonigarcia/webdrivermanager/master/src/main/resources/commands.properties HTTP/1.1
20:07:57.890 [main] DEBUG org.apache.hc.client5.http.headers - http-outgoing-0 >> user-agent: Apache-HttpClient/5.0
20:07:57.890 [main] DEBUG org.apache.hc.client5.http.headers - http-outgoing-0 >> accept-encoding: gzip, deflate, br
20:07:57.890 [main] DEBUG org.apache.hc.client5.http.headers - http-outgoing-0 >> cache-control: max-age=0
20:07:57.890 [main] DEBUG org.apache.hc.client5.http.headers - http-outgoing-0 >> connection: keep-alive
20:07:57.890 [main] DEBUG org.apache.hc.client5.http.headers - http-outgoing-0 >> Host: raw.githubusercontent.com
20:07:57.890 [main] DEBUG org.apache.hc.client5.http.wire - http-outgoing-0 >> "GET /bonigarcia/webdrivermanager/master/src/main/resources/commands.properties HTTP/1.1[\r][\n]"
20:07:57.890 [main] DEBUG org.apache.hc.client5.http.wire - http-outgoing-0 >> "user-agent: Apache-HttpClient/5.0[\r][\n]"
20:07:57.890 [main] DEBUG org.apache.hc.client5.http.wire - http-outgoing-0 >> "accept-encoding: gzip, deflate, br[\r][\n]"
20:07:57.890 [main] DEBUG org.apache.hc.client5.http.wire - http-outgoing-0 >> "cache-control: max-age=0[\r][\n]"
20:07:57.890 [main] DEBUG org.apache.hc.client5.http.wire - http-outgoing-0 >> "connection: keep-alive[\r][\n]"
20:07:57.891 [main] DEBUG org.apache.hc.client5.http.wire - http-outgoing-0 >> "Host: raw.githubusercontent.com[\r][\n]"
20:07:57.891 [main] DEBUG org.apache.hc.client5.http.wire - http-outgoing-0 >> "[\r][\n]"
20:07:57.939 [main] DEBUG org.apache.hc.client5.http.wire - http-outgoing-0 << "HTTP/1.1 200 OK[\r][\n]"
20:07:57.939 [main] DEBUG org.apache.hc.client5.http.wire - http-outgoing-0 << "Connection: keep-alive[\r][\n]"
20:07:57.939 [main] DEBUG org.apache.hc.client5.http.wire - http-outgoing-0 << "Content-Length: 728[\r][\n]"
20:07:57.939 [main] DEBUG org.apache.hc.client5.http.wire - http-outgoing-0 << "Cache-Control: max-age=300[\r][\n]"
20:07:57.940 [main] DEBUG org.apache.hc.client5.http.wire - http-outgoing-0 << "Content-Security-Policy: default-src 'none'; style-src 'unsafe-inline'; sandbox[\r][\n]"
20:07:57.940 [main] DEBUG org.apache.hc.client5.http.wire - http-outgoing-0 << "Content-Type: text/plain; charset=utf-8[\r][\n]"
20:07:57.940 [main] DEBUG org.apache.hc.client5.http.wire - http-outgoing-0 << "ETag: W/"f670816d6bfbef80584dadbb549bb9c4ccd5de869d5b63cc2a694a74613014b5"[\r][\n]"
20:07:57.940 [main] DEBUG org.apache.hc.client5.http.wire - http-outgoing-0 << "Strict-Transport-Security: max-age=31536000[\r][\n]"
20:07:57.940 [main] DEBUG org.apache.hc.client5.http.wire - http-outgoing-0 << "X-Content-Type-Options: nosniff[\r][\n]"
20:07:57.940 [main] DEBUG org.apache.hc.client5.http.wire - http-outgoing-0 << "X-Frame-Options: deny[\r][\n]"
20:07:57.940 [main] DEBUG org.apache.hc.client5.http.wire - http-outgoing-0 << "X-XSS-Protection: 1; mode=block[\r][\n]"
20:07:57.940 [main] DEBUG org.apache.hc.client5.http.wire - http-outgoing-0 << "X-GitHub-Request-Id: 0805:79FC:1E2EB2:204E03:623BB755[\r][\n]"
20:07:57.940 [main] DEBUG org.apache.hc.client5.http.wire - http-outgoing-0 << "Content-Encoding: gzip[\r][\n]"
20:07:57.940 [main] DEBUG org.apache.hc.client5.http.wire - http-outgoing-0 << "Accept-Ranges: bytes[\r][\n]"
20:07:57.940 [main] DEBUG org.apache.hc.client5.http.wire - http-outgoing-0 << "Date: Fri, 25 Mar 2022 18:08:00 GMT[\r][\n]"
20:07:57.940 [main] DEBUG org.apache.hc.client5.http.wire - http-outgoing-0 << "Via: 1.1 varnish[\r][\n]"
20:07:57.940 [main] DEBUG org.apache.hc.client5.http.wire - http-outgoing-0 << "X-Served-By: cache-fra19167-FRA[\r][\n]"
20:07:57.940 [main] DEBUG org.apache.hc.client5.http.wire - http-outgoing-0 << "X-Cache: HIT[\r][\n]"
20:07:57.940 [main] DEBUG org.apache.hc.client5.http.wire - http-outgoing-0 << "X-Cache-Hits: 1[\r][\n]"
20:07:57.941 [main] DEBUG org.apache.hc.client5.http.wire - http-outgoing-0 << "X-Timer: S1648231681.803156,VS0,VE1[\r][\n]"
20:07:57.941 [main] DEBUG org.apache.hc.client5.http.wire - http-outgoing-0 << "Vary: Authorization,Accept-Encoding,Origin[\r][\n]"
20:07:57.941 [main] DEBUG org.apache.hc.client5.http.wire - http-outgoing-0 << "Access-Control-Allow-Origin: *[\r][\n]"
20:07:57.941 [main] DEBUG org.apache.hc.client5.http.wire - http-outgoing-0 << "X-Fastly-Request-ID: c6254fa5b09cd990fb5822d9f1cfb22bab845784[\r][\n]"
20:07:57.941 [main] DEBUG org.apache.hc.client5.http.wire - http-outgoing-0 << "Expires: Fri, 25 Mar 2022 18:13:00 GMT[\r][\n]"
20:07:57.941 [main] DEBUG org.apache.hc.client5.http.wire - http-outgoing-0 << "Source-Age: 137[\r][\n]"
20:07:57.941 [main] DEBUG org.apache.hc.client5.http.wire - http-outgoing-0 << "[\r][\n]"
20:07:57.944 [main] DEBUG org.apache.hc.client5.http.headers - http-outgoing-0 << HTTP/1.1 200 OK
20:07:57.944 [main] DEBUG org.apache.hc.client5.http.headers - http-outgoing-0 << Connection: keep-alive
20:07:57.944 [main] DEBUG org.apache.hc.client5.http.headers - http-outgoing-0 << Content-Length: 728
20:07:57.944 [main] DEBUG org.apache.hc.client5.http.headers - http-outgoing-0 << Cache-Control: max-age=300
20:07:57.944 [main] DEBUG org.apache.hc.client5.http.headers - http-outgoing-0 << Content-Security-Policy: default-src 'none'; style-src 'unsafe-inline'; sandbox
20:07:57.944 [main] DEBUG org.apache.hc.client5.http.headers - http-outgoing-0 << Content-Type: text/plain; charset=utf-8
20:07:57.944 [main] DEBUG org.apache.hc.client5.http.headers - http-outgoing-0 << ETag: W/"f670816d6bfbef80584dadbb549bb9c4ccd5de869d5b63cc2a694a74613014b5"
20:07:57.944 [main] DEBUG org.apache.hc.client5.http.headers - http-outgoing-0 << Strict-Transport-Security: max-age=31536000
20:07:57.944 [main] DEBUG org.apache.hc.client5.http.headers - http-outgoing-0 << X-Content-Type-Options: nosniff
20:07:57.944 [main] DEBUG org.apache.hc.client5.http.headers - http-outgoing-0 << X-Frame-Options: deny
20:07:57.944 [main] DEBUG org.apache.hc.client5.http.headers - http-outgoing-0 << X-XSS-Protection: 1; mode=block
20:07:57.944 [main] DEBUG org.apache.hc.client5.http.headers - http-outgoing-0 << X-GitHub-Request-Id: 0805:79FC:1E2EB2:204E03:623BB755
20:07:57.944 [main] DEBUG org.apache.hc.client5.http.headers - http-outgoing-0 << Content-Encoding: gzip
20:07:57.944 [main] DEBUG org.apache.hc.client5.http.headers - http-outgoing-0 << Accept-Ranges: bytes
20:07:57.944 [main] DEBUG org.apache.hc.client5.http.headers - http-outgoing-0 << Date: Fri, 25 Mar 2022 18:08:00 GMT
20:07:57.944 [main] DEBUG org.apache.hc.client5.http.headers - http-outgoing-0 << Via: 1.1 varnish
20:07:57.944 [main] DEBUG org.apache.hc.client5.http.headers - http-outgoing-0 << X-Served-By: cache-fra19167-FRA
20:07:57.944 [main] DEBUG org.apache.hc.client5.http.headers - http-outgoing-0 << X-Cache: HIT
20:07:57.944 [main] DEBUG org.apache.hc.client5.http.headers - http-outgoing-0 << X-Cache-Hits: 1
20:07:57.944 [main] DEBUG org.apache.hc.client5.http.headers - http-outgoing-0 << X-Timer: S1648231681.803156,VS0,VE1
20:07:57.944 [main] DEBUG org.apache.hc.client5.http.headers - http-outgoing-0 << Vary: Authorization,Accept-Encoding,Origin
20:07:57.945 [main] DEBUG org.apache.hc.client5.http.headers - http-outgoing-0 << Access-Control-Allow-Origin: *
20:07:57.945 [main] DEBUG org.apache.hc.client5.http.headers - http-outgoing-0 << X-Fastly-Request-ID: c6254fa5b09cd990fb5822d9f1cfb22bab845784
20:07:57.945 [main] DEBUG org.apache.hc.client5.http.headers - http-outgoing-0 << Expires: Fri, 25 Mar 2022 18:13:00 GMT
20:07:57.945 [main] DEBUG org.apache.hc.client5.http.headers - http-outgoing-0 << Source-Age: 137
20:07:57.948 [main] DEBUG org.apache.hc.client5.http.impl.classic.MainClientExec - ex-00000001: connection can be kept alive for 3 MINUTES
20:07:57.955 [main] DEBUG org.apache.hc.client5.http.wire - http-outgoing-0 << "[0x1f][0xffffff8b][0x8][0x0][0x0][0x0][0x0][0x0][0x0][0x3][0xffffffb5]V]o[0xffffffda]0[0x14]}[0xffffffe7]W\[0xffffff81]*[0xffffffb5][0x12][0x1f][[M[0xffffffd3]$[0x1e]hF[0xffffffbb]i [0x18][0xffffffb4][0xffffffdd]&[0xfffffff9][0xffffffc5]Mn[0xffffff82][0xffffffa5]$Fv([0xffffffed]~[0xfffffffd]l[0xffffffe7]c$u[0x6]k[0xffffffe8][l_[0xffffff9f]s|[0xffffffef]q|;[0xffffffe0][0xfffffff0]([0xffffffa2][0xffffffb1]'[0xffffffc1][0xffffffa3][0x9]}[0xffffffa0][0x12][[0x1d][0xffffffb8]]1[0x9]>[0xb][0x11]\[0x1e]'[0xffffff94][0xffffffc5][0x12][0xffffff92][0xffffff95][0x1e]d[0xffffffa1][0x9][0xffffff87][0x7][0x4]|Bw[0xffffff93][0xffffffa0][0x7],6[0xffffffcb]r[0xffffff85]a[0xffffffa8][0x7]\x(t[0xffffff90][0xffffff87][0x9][0xffffffba][0xffffff89]Y|D![0x19]Wk>[0xffffffa0][0xfffffffa][0xe][0x4]b[0xc][0xf][0xffffff82]o[0xffffffa5]ZP[0xffffff94][0xffffffa7][0xffffffce]J[0xfffffff0][0x8][0xffffffbb]p[0xffffffcd][0x4][0xfffffffa][0xfffffffc][0xffffffa9][0xb][0xffffffb3]5[\n]"
20:07:57.956 [main] DEBUG org.apache.hc.client5.http.wire - http-outgoing-0 << "[0xffffffda][0xffffff85][0xffffffb1][0x17][0xffffffa8]Y[0xffffffb3][0xffffffca]6[0xffffffd1][0xffffff99][0xffffffc6][0xfffffff7][0xffffff98][0xffffffef][0xffffffa3][0xffffffc0]8[0x1][0xffffffae]c[0x12][0x16][0x7] [0xffffff9f]e[0xffffff82][0xffffff91][0xffffff84][0xffffffd3][0x1f],[0xfffffff6][0x14]j[0x17]&,[0xffffffde]([0xffffff98])ua[0xffffffb6]<k)[0xffffff8e][0xffffff94][0xffffffa2][0xffffff95][0x1d][0xffffffa3][0xffffffef][0xffffff9a]a[0x7f][0xffffff9b]n[0xffffffe8][0xffffffbf]{?t#[0xffffffaf][0xffffffaf]N[0x5][0x3][0x7][0xffffffb6][0x11]sMJL[0x1a][0xffffffb6]+[0xffffffc5][0x7]1[0xffffff8d]p[0xffffffd8]>[0xffffff99]/f7[0xffffff8b][0xffffffd1][0xfffffff4][0xfffffffa][0xffffffeb]d[0xffffffbc]<[0xfffffffd][0xfffffff9][0xfffffff1][0xffffffc3][0xffffffd9]'2$[0xffffffe4][0xffffff84][0xffffff90][0x1b][0xffffffce][0xffffff83][0x10][0x9]Iy[0x8][0x19][0xffffffad][0xffffffd7]!s[0xffffff95]>[0x1e][0x13][0xffffff92][0xffffffb1])[0xfffffff8]6[0x4][0xffffff98][0xffffffc0]}[0xffffff96][0xffffff90][0xffffffc1]#[\r]7[0xfffffff5][0xffffffa2][0xffffffce][0xf][0x14]5[0xffffff99]9[0xffffffa3][0xffffffc9]h>[0xffffffff]<[0xffffffba][0x1d][0xffffffbd][0xffffffa5][0xffffff9e][0xffffff8b]W$[0xffffffe9]-[0xfffffff5]\[0xe][0x17][0xffffffe3][0x1b][0xfffffff8]~7^[0xfffffffc][0xffffff82]/[0xffffffdf][0xffffff9c];[0xffffffb2][0xffffffe4]~[0xffffffb2][0xffffffa5][0x2]s[0xffffffb6][0xffffff8c][0xffffffec]jr[0xffffff85][0xffffffd4]5x[0xffffffb9][0x17][U[0xffffffd0]P;F[0xfffffffb] 0[{[0xffffffe9]4[0xfffffff4]zu[0x1b]"[0xffffffea][0xffffffea][0xfffffff0][0xffffffc1][0xffffffce]A[0xffffffe4] [0xffffffe5][0xffffffcd][0xffffffcc][0xffffffd6][0xffffffa7][0xffffffeb][0xfffffff5][0xffffffc0]Q[0xffffff97]H[0xffffffb9]U[0xe][0xffffff94][0x17]g[0xffffffcb]r[0xffffffc0].[0xffffffba][0xffffffb2]h[0xffffffe6][0xfffffffe][0xffffff82][0xffffffc8]O[0xffffffc7][0xffffffcd]L[0xffffff9a][0xffffffe7][0x7f][0xffffffca][0x7f][0xffffffb3]0[0xffffffa4]9[0x9]!9[0xfffffffa][0xffffffbe][0xffffffa4][0xffffffbf]Pq[0xffffffa8]+k[0xffffffaf][0xffffffca][0xfffffff1][0xffffffa4]\[0xffffffec][0x18][0xffffffa0]]v@FR%kk[0xf]8[0x1b][0xffffffa1][0xffffffff] [0xfffffff7][0xffffffd5][0xffffffca][0xffffffe6][0xfffffff8][0xffffff85][0x17][0xffffffb2][0x9][0xffffffe8]=[0xffffffbe][0xc][0xffffffb2][0xffffffd6]?c[0xffffffb1]U~[0x17]K[0x15][[0xffffffff][0xffffffda][\n]"
20:07:57.956 [main] DEBUG org.apache.hc.client5.http.wire - http-outgoing-0 << "LT[0xffffff83]#[0xfffffffe][0xffffff8b][0xffffffa6][0xffffffcc][0x15]\[0xffffffaa]L[0x10][0xffffffa2]i*[0xffffff97]-[0xffffff92][0xffffff86]n_[0xffffffb2][0xffffffcb][0xffffff9a]^S[0xfffffff4]7[0xffffff94]sQ{[0xfffffff3][0xffffffff][0xffffff92][0x19][0xffffffae][0x7f]^}[0xffffff83]Y[0x14];[0xffffffca]w[0xfffffff6][0xfffffff4][0xffffffbc][0xffffffed][0xffffffe6][0xffffff9b]xk[0xffffffdd][0xb]VSW[[0xfffffff9][0xffffffcb][0x11]P[0xffffffba][0xfffffff8][0xffffffe6][0xffffffb5]+X[0xffffffcc][0xffffffbb][0xfffffff6][0xffffffff]n[0xffffffb0]=[0x2]s[0xffffffc1][0x3]A#I[0xffffff88][0xffffffa1] $[0xffffffa4][0xffffff9b][0xffffffd8]U[0xffffffbb][0xfffffff6][0xffffffa6][0xffffffbb]"[0xffffffa2]I[0xfffffff9][0xffffff8f]&[0xffffffe2][0xffffffd0][0xffffffe7][0xffffffc7][0xffffff96][0xffffff89][0xffffff86][0xffffffd4][0xffffff97][\r][0xffffffce][0x7f](u[0xffffff85][0xffffffbb][0xfffffff0][0xffffffa5][0x19][0xffffffda][0xffffffec][0xffffff98][0xffffffc6]Y[0xfffffffd]h8m6[0xffffff9c]U[0xffffffc1][0xfffffff2][0xffffffd6]H[0xfffffff5]W[0xffffffe5][0x17]NM[0x1c][0xffffffc7][0xffffff84]9|[0xffffff83]7[0xffffffbf][0xffffffa4][0xffffffa5][0xfffffff1][0xfffffffb]slAM[0xffffffda][0xffffffa2]ck[0xffffffa9]o[0xffffff89][\n]"
20:07:57.956 [main] DEBUG org.apache.hc.client5.http.wire - http-outgoing-0 << "[0xffffffa6][0xfffffffd][0xffffffdd][0xffffff90]F,[0xffffffec][0xffffff97][0xffffffcf][0xfffffff4][0xffffffb2][0xffffff86]}[0xffffffc7]<u[0xffffff9b][0xffffffce][0xffffff8b]M[0xffffffb5][0xfffffffd][0xffffff93][0xffffff8e][0xffffffb6]:7[0xffffff97]i3[0xffffffaf]cA[0xffffffed][0xffffffc0][0xffffff92][0xfffffffa]T[0xffffffb0][0x2]^[0xffffff9a][0xffffffa1][0x1d]<[\r][0xffffffb5]A[0xffffffa7]+;[0xffffffc0][0x7f][0x0][0xffffffb2]$|[0xffffff88][0x1d][\r][0x0][0x0]"
20:07:57.958 [main] DEBUG org.apache.hc.client5.http.impl.classic.InternalHttpClient - ep-00000000: releasing valid endpoint
20:07:57.958 [main] DEBUG org.apache.hc.client5.http.impl.io.PoolingHttpClientConnectionManager - ep-00000000: releasing endpoint
20:07:57.958 [main] DEBUG org.apache.hc.client5.http.impl.io.PoolingHttpClientConnectionManager - ep-00000000: connection http-outgoing-0 can be kept alive for 3 MINUTES
20:07:57.959 [main] DEBUG org.apache.hc.client5.http.impl.io.PoolingHttpClientConnectionManager - ep-00000000: connection released [route: {s}->https://raw.githubusercontent.com:443][total available: 1; route allocated: 1 of 5; total allocated: 1 of 25]
20:07:57.959 [main] DEBUG io.github.bonigarcia.wdm.versions.VersionDetector - Detecting chrome version using online commands.properties
20:07:57.962 [main] DEBUG io.github.bonigarcia.wdm.versions.Shell - Running command on the shell: [cmd.exe, /C, wmic, datafile, where, name="%PROGRAMFILES(X86):\=\\%\\Google\\Chrome\\Application\\chrome.exe", get, Version, /value]
20:07:58.200 [main] DEBUG io.github.bonigarcia.wdm.versions.Shell - Result: 
20:07:58.201 [main] DEBUG io.github.bonigarcia.wdm.versions.Shell - Running command on the shell: [cmd.exe, /C, wmic, datafile, where, name="%LOCALAPPDATA:\=\\%\\Google\\Chrome\\Application\\chrome.exe", get, Version, /value]
20:07:58.310 [main] DEBUG io.github.bonigarcia.wdm.versions.Shell - Result: 
20:07:58.311 [main] DEBUG io.github.bonigarcia.wdm.versions.Shell - Running command on the shell: [cmd.exe, /C, wmic, datafile, where, name="%PROGRAMFILES:\=\\%\\Google\\Chrome\\Application\\chrome.exe", get, Version, /value]
20:07:58.430 [main] DEBUG io.github.bonigarcia.wdm.versions.Shell - Result: Version=99.0.4844.82
20:07:58.435 [main] DEBUG io.github.bonigarcia.wdm.cache.ResolutionCache - Resolution chrome99=99.0.4844.51 in cache (valid until 19:02:32 26/03/2022 EET)
20:07:58.439 [main] INFO io.github.bonigarcia.wdm.WebDriverManager - Using chromedriver 99.0.4844.51 (resolved driver for Chrome 99)
20:07:58.446 [main] DEBUG io.github.bonigarcia.wdm.cache.ResolutionCache - Storing resolution chrome=99 in cache (valid until 21:07:58 25/03/2022 EET)
20:07:58.470 [main] DEBUG io.github.bonigarcia.wdm.WebDriverManager - Driver chromedriver 99.0.4844.51 found in cache
20:07:58.471 [main] INFO io.github.bonigarcia.wdm.WebDriverManager - Exporting webdriver.chrome.driver as C:\Users\schalak\.cache\selenium\chromedriver\win32\99.0.4844.51\chromedriver.exe
20:07:58.642 [main] DEBUG io.netty.util.internal.logging.InternalLoggerFactory - Using SLF4J as the default logging framework
20:07:58.644 [main] DEBUG io.netty.util.ResourceLeakDetector - -Dio.netty.leakDetection.level: simple
20:07:58.644 [main] DEBUG io.netty.util.ResourceLeakDetector - -Dio.netty.leakDetection.targetRecords: 4
20:07:58.647 [main] DEBUG io.netty.util.ResourceLeakDetectorFactory - Loaded default ResourceLeakDetector: io.netty.util.ResourceLeakDetector@47747fb9
20:07:58.668 [main] DEBUG io.netty.util.internal.PlatformDependent0 - -Dio.netty.noUnsafe: false
20:07:58.669 [main] DEBUG io.netty.util.internal.PlatformDependent0 - Java version: 18
20:07:58.671 [main] DEBUG io.netty.util.internal.PlatformDependent0 - sun.misc.Unsafe.theUnsafe: available
20:07:58.671 [main] DEBUG io.netty.util.internal.PlatformDependent0 - sun.misc.Unsafe.copyMemory: available
20:07:58.672 [main] DEBUG io.netty.util.internal.PlatformDependent0 - java.nio.Buffer.address: available
20:07:58.672 [main] DEBUG io.netty.util.internal.PlatformDependent0 - direct buffer constructor: unavailable: Reflective setAccessible(true) disabled
20:07:58.673 [main] DEBUG io.netty.util.internal.PlatformDependent0 - java.nio.Bits.unaligned: available, true
20:07:58.674 [main] DEBUG io.netty.util.internal.PlatformDependent0 - jdk.internal.misc.Unsafe.allocateUninitializedArray(int): unavailable: class io.netty.util.internal.PlatformDependent0$6 cannot access class jdk.internal.misc.Unsafe (in module java.base) because module java.base does not export jdk.internal.misc to unnamed module @4671e53b
20:07:58.675 [main] DEBUG io.netty.util.internal.PlatformDependent0 - java.nio.DirectByteBuffer.<init>(long, int): unavailable
20:07:58.675 [main] DEBUG io.netty.util.internal.PlatformDependent - sun.misc.Unsafe: available
20:07:58.677 [main] DEBUG io.netty.util.internal.PlatformDependent - maxDirectMemory: 2118123520 bytes (maybe)
20:07:58.677 [main] DEBUG io.netty.util.internal.PlatformDependent - -Dio.netty.tmpdir: C:\Users\schalak\AppData\Local\Temp (java.io.tmpdir)
20:07:58.677 [main] DEBUG io.netty.util.internal.PlatformDependent - -Dio.netty.bitMode: 64 (sun.arch.data.model)
20:07:58.678 [main] DEBUG io.netty.util.internal.PlatformDependent - Platform: Windows
20:07:58.678 [main] DEBUG io.netty.util.internal.PlatformDependent - -Dio.netty.maxDirectMemory: -1 bytes
20:07:58.678 [main] DEBUG io.netty.util.internal.PlatformDependent - -Dio.netty.uninitializedArrayAllocationThreshold: -1
20:07:58.682 [main] DEBUG io.netty.util.internal.CleanerJava9 - java.nio.ByteBuffer.cleaner(): available
20:07:58.682 [main] DEBUG io.netty.util.internal.PlatformDependent - -Dio.netty.noPreferDirect: false
20:07:58.691 [main] DEBUG io.netty.util.internal.PlatformDependent - org.jctools-core.MpscChunkedArrayQueue: available
20:07:58.709 [main] DEBUG io.netty.util.internal.InternalThreadLocalMap - -Dio.netty.threadLocalMap.stringBuilder.initialSize: 1024
20:07:58.709 [main] DEBUG io.netty.util.internal.InternalThreadLocalMap - -Dio.netty.threadLocalMap.stringBuilder.maxSize: 4096
20:07:58.721 [main] DEBUG io.netty.handler.ssl.JdkSslContext - Default protocols (JDK): [TLSv1.3, TLSv1.2] 
20:07:58.721 [main] DEBUG io.netty.handler.ssl.JdkSslContext - Default cipher suites (JDK): [TLS_ECDHE_ECDSA_WITH_AES_256_GCM_SHA384, TLS_ECDHE_ECDSA_WITH_AES_128_GCM_SHA256, TLS_ECDHE_RSA_WITH_AES_128_GCM_SHA256, TLS_ECDHE_RSA_WITH_AES_256_GCM_SHA384, TLS_ECDHE_RSA_WITH_AES_128_CBC_SHA, TLS_ECDHE_RSA_WITH_AES_256_CBC_SHA, TLS_RSA_WITH_AES_128_GCM_SHA256, TLS_RSA_WITH_AES_128_CBC_SHA, TLS_RSA_WITH_AES_256_CBC_SHA, TLS_AES_128_GCM_SHA256, TLS_AES_256_GCM_SHA384]
20:07:58.749 [main] DEBUG io.netty.channel.MultithreadEventLoopGroup - -Dio.netty.eventLoopThreads: 8
20:07:58.758 [main] DEBUG io.netty.channel.nio.NioEventLoop - -Dio.netty.noKeySetOptimization: false
20:07:58.758 [main] DEBUG io.netty.channel.nio.NioEventLoop - -Dio.netty.selectorAutoRebuildThreshold: 512
20:07:58.794 [main] DEBUG io.netty.buffer.PooledByteBufAllocator - -Dio.netty.allocator.numHeapArenas: 8
20:07:58.795 [main] DEBUG io.netty.buffer.PooledByteBufAllocator - -Dio.netty.allocator.numDirectArenas: 8
20:07:58.795 [main] DEBUG io.netty.buffer.PooledByteBufAllocator - -Dio.netty.allocator.pageSize: 8192
20:07:58.795 [main] DEBUG io.netty.buffer.PooledByteBufAllocator - -Dio.netty.allocator.maxOrder: 11
20:07:58.795 [main] DEBUG io.netty.buffer.PooledByteBufAllocator - -Dio.netty.allocator.chunkSize: 16777216
20:07:58.795 [main] DEBUG io.netty.buffer.PooledByteBufAllocator - -Dio.netty.allocator.smallCacheSize: 256
20:07:58.795 [main] DEBUG io.netty.buffer.PooledByteBufAllocator - -Dio.netty.allocator.normalCacheSize: 64
20:07:58.795 [main] DEBUG io.netty.buffer.PooledByteBufAllocator - -Dio.netty.allocator.maxCachedBufferCapacity: 32768
20:07:58.795 [main] DEBUG io.netty.buffer.PooledByteBufAllocator - -Dio.netty.allocator.cacheTrimInterval: 8192
20:07:58.795 [main] DEBUG io.netty.buffer.PooledByteBufAllocator - -Dio.netty.allocator.cacheTrimIntervalMillis: 0
20:07:58.795 [main] DEBUG io.netty.buffer.PooledByteBufAllocator - -Dio.netty.allocator.useCacheForAllThreads: true
20:07:58.795 [main] DEBUG io.netty.buffer.PooledByteBufAllocator - -Dio.netty.allocator.maxCachedByteBuffersPerChunk: 1023
20:07:58.805 [main] DEBUG io.netty.buffer.ByteBufUtil - -Dio.netty.allocator.type: pooled
20:07:58.806 [main] DEBUG io.netty.buffer.ByteBufUtil - -Dio.netty.threadLocalDirectBufferSize: 0
20:07:58.806 [main] DEBUG io.netty.buffer.ByteBufUtil - -Dio.netty.maxThreadLocalCharBufferSize: 16384
20:07:59.627 [Forwarding newSession on session null to remote] DEBUG io.netty.channel.DefaultChannelId - -Dio.netty.processId: 4344 (auto-detected)
20:07:59.629 [Forwarding newSession on session null to remote] DEBUG io.netty.util.NetUtil - -Djava.net.preferIPv4Stack: false
20:07:59.629 [Forwarding newSession on session null to remote] DEBUG io.netty.util.NetUtil - -Djava.net.preferIPv6Addresses: false
20:07:59.633 [Forwarding newSession on session null to remote] DEBUG io.netty.util.NetUtilInitializations - Loopback interface: lo (Software Loopback Interface 1, 127.0.0.1)
20:07:59.633 [Forwarding newSession on session null to remote] DEBUG io.netty.util.NetUtil - Failed to get SOMAXCONN from sysctl and file \proc\sys\net\core\somaxconn. Default: 200
20:07:59.642 [Forwarding newSession on session null to remote] DEBUG io.netty.channel.DefaultChannelId - -Dio.netty.machineId: 30:10:b3:ff:fe:b8:7b:c5 (auto-detected)
20:07:59.686 [AsyncHttpClient-1-2] DEBUG io.netty.buffer.AbstractByteBuf - -Dio.netty.buffer.checkAccessible: true
20:07:59.686 [AsyncHttpClient-1-2] DEBUG io.netty.buffer.AbstractByteBuf - -Dio.netty.buffer.checkBounds: true
20:07:59.686 [AsyncHttpClient-1-2] DEBUG io.netty.util.ResourceLeakDetectorFactory - Loaded default ResourceLeakDetector: io.netty.util.ResourceLeakDetector@126676be
20:07:59.700 [AsyncHttpClient-1-2] DEBUG org.asynchttpclient.netty.channel.NettyConnectListener - Using new Channel '[id: 0x6528835a, L:/127.0.0.1:60193 - R:localhost/127.0.0.1:62174]' for 'POST' to '/session'
20:07:59.719 [AsyncHttpClient-1-2] DEBUG io.netty.util.Recycler - -Dio.netty.recycler.maxCapacityPerThread: 4096
20:07:59.719 [AsyncHttpClient-1-2] DEBUG io.netty.util.Recycler - -Dio.netty.recycler.ratio: 8
20:07:59.719 [AsyncHttpClient-1-2] DEBUG io.netty.util.Recycler - -Dio.netty.recycler.chunkSize: 32
20:07:59.719 [AsyncHttpClient-1-2] DEBUG io.netty.util.Recycler - -Dio.netty.recycler.blocking: false
20:08:00.528 [AsyncHttpClient-1-2] DEBUG io.netty.handler.codec.compression.Brotli - brotli4j not in the classpath; Brotli support will be unavailable.
20:08:00.528 [AsyncHttpClient-1-2] DEBUG org.asynchttpclient.netty.handler.HttpHandler - 

Request DefaultHttpRequest(decodeResult: success, version: HTTP/1.1)
POST /session HTTP/1.1
User-Agent: selenium/4.1.2 (java windows)
Content-Length: 365
Content-Type: application/json; charset=utf-8
host: localhost:62174
accept: */*

Response DefaultHttpResponse(decodeResult: success, version: HTTP/1.1)
HTTP/1.1 200 OK
Content-Type: application/json; charset=utf-8
cache-control: no-cache
content-length: 789

20:08:00.537 [AsyncHttpClient-1-2] DEBUG org.asynchttpclient.netty.channel.ChannelManager - Adding key: http://localhost:62174 for channel [id: 0x6528835a, L:/127.0.0.1:60193 - R:localhost/127.0.0.1:62174]
20:08:00.678 [AsyncHttpClient-1-3] DEBUG org.asynchttpclient.netty.channel.NettyConnectListener - Using new Channel '[id: 0xd136b366, L:/127.0.0.1:60199 - R:localhost/127.0.0.1:60194]' for 'GET' to '/json/version'
20:08:00.691 [AsyncHttpClient-1-3] DEBUG org.asynchttpclient.netty.handler.HttpHandler - 

Request DefaultFullHttpRequest(decodeResult: success, version: HTTP/1.1, content: EmptyByteBufBE)
GET /json/version HTTP/1.1
User-Agent: selenium/4.1.2 (java windows)
host: localhost:60194
accept: */*

Response DefaultHttpResponse(decodeResult: success, version: HTTP/1.1)
HTTP/1.1 200 OK
Content-Type: application/json; charset=UTF-8
content-length: 422

20:08:00.692 [AsyncHttpClient-1-3] DEBUG org.asynchttpclient.netty.channel.ChannelManager - Adding key: http://localhost:60194 for channel [id: 0xd136b366, L:/127.0.0.1:60199 - R:localhost/127.0.0.1:60194]
20:08:00.703 [main] DEBUG io.netty.util.internal.ThreadLocalRandom - -Dio.netty.initialSeedUniquifier: 0x41533bfa178c6827
20:08:00.708 [AsyncHttpClient-1-4] DEBUG org.asynchttpclient.netty.channel.NettyConnectListener - Using new Channel '[id: 0x4754fcee, L:/127.0.0.1:60200 - R:localhost/127.0.0.1:60194]' for 'GET' to '/devtools/browser/b8a04b80-c514-437d-880a-1bc93be2e091'
20:08:00.722 [AsyncHttpClient-1-4] DEBUG org.asynchttpclient.netty.handler.WebSocketHandler - 

Request DefaultFullHttpRequest(decodeResult: success, version: HTTP/1.1, content: EmptyByteBufBE)
GET /devtools/browser/b8a04b80-c514-437d-880a-1bc93be2e091 HTTP/1.1
upgrade: websocket
connection: upgrade
sec-websocket-key: QITqwNsGMHheQtwkaJ0GXQ==
sec-websocket-version: 13
origin: http://localhost:60194
host: localhost:60194
accept: */*
user-agent: AHC/2.1

Response DefaultHttpResponse(decodeResult: success, version: HTTP/1.1)
HTTP/1.1 101 WebSocket Protocol Handshake
Upgrade: WebSocket
Connection: Upgrade
Sec-WebSocket-Accept: 09XSJFC6JZKHVbDrDOtxN1HjiG8=

20:08:00.770 [Forwarding maximizeCurrentWindow on session 5d88203a5f8b16904e7f06645d8cdefd to remote] DEBUG org.asynchttpclient.netty.request.NettyRequestSender - Using pooled Channel '[id: 0x6528835a, L:/127.0.0.1:60193 - R:localhost/127.0.0.1:62174]' for 'POST' to 'http://localhost:62174/session/5d88203a5f8b16904e7f06645d8cdefd/window/maximize'
20:08:00.770 [Forwarding maximizeCurrentWindow on session 5d88203a5f8b16904e7f06645d8cdefd to remote] DEBUG org.asynchttpclient.netty.request.NettyRequestSender - Using open Channel [id: 0x6528835a, L:/127.0.0.1:60193 - R:localhost/127.0.0.1:62174] for POST '/session/5d88203a5f8b16904e7f06645d8cdefd/window/maximize'
20:08:00.882 [AsyncHttpClient-1-2] DEBUG org.asynchttpclient.netty.handler.HttpHandler - 

Request DefaultHttpRequest(decodeResult: success, version: HTTP/1.1)
POST /session/5d88203a5f8b16904e7f06645d8cdefd/window/maximize HTTP/1.1
User-Agent: selenium/4.1.2 (java windows)
Content-Length: 3
Content-Type: application/json; charset=utf-8
host: localhost:62174
accept: */*

Response DefaultHttpResponse(decodeResult: success, version: HTTP/1.1)
HTTP/1.1 200 OK
Content-Type: application/json; charset=utf-8
cache-control: no-cache
content-length: 51

20:08:00.882 [AsyncHttpClient-1-2] DEBUG org.asynchttpclient.netty.channel.ChannelManager - Adding key: http://localhost:62174 for channel [id: 0x6528835a, L:/127.0.0.1:60193 - R:localhost/127.0.0.1:62174]
20:08:00.887 [Forwarding setTimeout on session 5d88203a5f8b16904e7f06645d8cdefd to remote] DEBUG org.asynchttpclient.netty.request.NettyRequestSender - Using pooled Channel '[id: 0x6528835a, L:/127.0.0.1:60193 - R:localhost/127.0.0.1:62174]' for 'POST' to 'http://localhost:62174/session/5d88203a5f8b16904e7f06645d8cdefd/timeouts'
20:08:00.887 [Forwarding setTimeout on session 5d88203a5f8b16904e7f06645d8cdefd to remote] DEBUG org.asynchttpclient.netty.request.NettyRequestSender - Using open Channel [id: 0x6528835a, L:/127.0.0.1:60193 - R:localhost/127.0.0.1:62174] for POST '/session/5d88203a5f8b16904e7f06645d8cdefd/timeouts'
20:08:00.890 [AsyncHttpClient-1-2] DEBUG org.asynchttpclient.netty.handler.HttpHandler - 

Request DefaultHttpRequest(decodeResult: success, version: HTTP/1.1)
POST /session/5d88203a5f8b16904e7f06645d8cdefd/timeouts HTTP/1.1
User-Agent: selenium/4.1.2 (java windows)
Content-Length: 23
Content-Type: application/json; charset=utf-8
host: localhost:62174
accept: */*

Response DefaultHttpResponse(decodeResult: success, version: HTTP/1.1)
HTTP/1.1 200 OK
Content-Type: application/json; charset=utf-8
cache-control: no-cache
content-length: 14

20:08:00.891 [AsyncHttpClient-1-2] DEBUG org.asynchttpclient.netty.channel.ChannelManager - Adding key: http://localhost:62174 for channel [id: 0x6528835a, L:/127.0.0.1:60193 - R:localhost/127.0.0.1:62174]
20:08:00.897 [Forwarding get on session 5d88203a5f8b16904e7f06645d8cdefd to remote] DEBUG org.asynchttpclient.netty.request.NettyRequestSender - Using pooled Channel '[id: 0x6528835a, L:/127.0.0.1:60193 - R:localhost/127.0.0.1:62174]' for 'POST' to 'http://localhost:62174/session/5d88203a5f8b16904e7f06645d8cdefd/url'
20:08:00.897 [Forwarding get on session 5d88203a5f8b16904e7f06645d8cdefd to remote] DEBUG org.asynchttpclient.netty.request.NettyRequestSender - Using open Channel [id: 0x6528835a, L:/127.0.0.1:60193 - R:localhost/127.0.0.1:62174] for POST '/session/5d88203a5f8b16904e7f06645d8cdefd/url'
20:08:00.913 [AsyncHttpClient-1-1] DEBUG org.asynchttpclient.netty.channel.DefaultChannelPool - Entry count for : http://localhost:60194 : 1
20:08:01.996 [AsyncHttpClient-1-1] DEBUG org.asynchttpclient.netty.channel.DefaultChannelPool - Entry count for : http://localhost:60194 : 1
20:08:03.097 [AsyncHttpClient-1-1] DEBUG org.asynchttpclient.netty.channel.DefaultChannelPool - Entry count for : http://localhost:60194 : 1
20:08:04.196 [AsyncHttpClient-1-1] DEBUG org.asynchttpclient.netty.channel.DefaultChannelPool - Entry count for : http://localhost:60194 : 1
20:08:04.962 [AsyncHttpClient-1-2] DEBUG org.asynchttpclient.netty.handler.HttpHandler - 

Request DefaultHttpRequest(decodeResult: success, version: HTTP/1.1)
POST /session/5d88203a5f8b16904e7f06645d8cdefd/url HTTP/1.1
User-Agent: selenium/4.1.2 (java windows)
Content-Length: 63
Content-Type: application/json; charset=utf-8
host: localhost:62174
accept: */*

Response DefaultHttpResponse(decodeResult: success, version: HTTP/1.1)
HTTP/1.1 200 OK
Content-Type: application/json; charset=utf-8
cache-control: no-cache
content-length: 14

20:08:04.962 [AsyncHttpClient-1-2] DEBUG org.asynchttpclient.netty.channel.ChannelManager - Adding key: http://localhost:62174 for channel [id: 0x6528835a, L:/127.0.0.1:60193 - R:localhost/127.0.0.1:62174]
20:08:05.021 [Forwarding findElement on session 5d88203a5f8b16904e7f06645d8cdefd to remote] DEBUG org.asynchttpclient.netty.request.NettyRequestSender - Using pooled Channel '[id: 0x6528835a, L:/127.0.0.1:60193 - R:localhost/127.0.0.1:62174]' for 'POST' to 'http://localhost:62174/session/5d88203a5f8b16904e7f06645d8cdefd/element'
20:08:05.021 [Forwarding findElement on session 5d88203a5f8b16904e7f06645d8cdefd to remote] DEBUG org.asynchttpclient.netty.request.NettyRequestSender - Using open Channel [id: 0x6528835a, L:/127.0.0.1:60193 - R:localhost/127.0.0.1:62174] for POST '/session/5d88203a5f8b16904e7f06645d8cdefd/element'
20:08:05.037 [AsyncHttpClient-1-2] DEBUG org.asynchttpclient.netty.handler.HttpHandler - 

Request DefaultHttpRequest(decodeResult: success, version: HTTP/1.1)
POST /session/5d88203a5f8b16904e7f06645d8cdefd/element HTTP/1.1
User-Agent: selenium/4.1.2 (java windows)
Content-Length: 58
Content-Type: application/json; charset=utf-8
host: localhost:62174
accept: */*

Response DefaultHttpResponse(decodeResult: success, version: HTTP/1.1)
HTTP/1.1 200 OK
Content-Type: application/json; charset=utf-8
cache-control: no-cache
content-length: 88

20:08:05.038 [AsyncHttpClient-1-2] DEBUG org.asynchttpclient.netty.channel.ChannelManager - Adding key: http://localhost:62174 for channel [id: 0x6528835a, L:/127.0.0.1:60193 - R:localhost/127.0.0.1:62174]
20:08:05.048 [Forwarding sendKeysToElement on session 5d88203a5f8b16904e7f06645d8cdefd to remote] DEBUG org.asynchttpclient.netty.request.NettyRequestSender - Using pooled Channel '[id: 0x6528835a, L:/127.0.0.1:60193 - R:localhost/127.0.0.1:62174]' for 'POST' to 'http://localhost:62174/session/5d88203a5f8b16904e7f06645d8cdefd/element/23aeda7f-c914-4003-8b3c-013d45241a1f/value'
20:08:05.049 [Forwarding sendKeysToElement on session 5d88203a5f8b16904e7f06645d8cdefd to remote] DEBUG org.asynchttpclient.netty.request.NettyRequestSender - Using open Channel [id: 0x6528835a, L:/127.0.0.1:60193 - R:localhost/127.0.0.1:62174] for POST '/session/5d88203a5f8b16904e7f06645d8cdefd/element/23aeda7f-c914-4003-8b3c-013d45241a1f/value'
20:08:05.111 [AsyncHttpClient-1-2] DEBUG org.asynchttpclient.netty.handler.HttpHandler - 

Request DefaultHttpRequest(decodeResult: success, version: HTTP/1.1)
POST /session/5d88203a5f8b16904e7f06645d8cdefd/element/23aeda7f-c914-4003-8b3c-013d45241a1f/value HTTP/1.1
User-Agent: selenium/4.1.2 (java windows)
Content-Length: 291
Content-Type: application/json; charset=utf-8
host: localhost:62174
accept: */*

Response DefaultHttpResponse(decodeResult: success, version: HTTP/1.1)
HTTP/1.1 200 OK
Content-Type: application/json; charset=utf-8
cache-control: no-cache
content-length: 14

20:08:05.111 [AsyncHttpClient-1-2] DEBUG org.asynchttpclient.netty.channel.ChannelManager - Adding key: http://localhost:62174 for channel [id: 0x6528835a, L:/127.0.0.1:60193 - R:localhost/127.0.0.1:62174]
20:08:05.115 [Forwarding findElement on session 5d88203a5f8b16904e7f06645d8cdefd to remote] DEBUG org.asynchttpclient.netty.request.NettyRequestSender - Using pooled Channel '[id: 0x6528835a, L:/127.0.0.1:60193 - R:localhost/127.0.0.1:62174]' for 'POST' to 'http://localhost:62174/session/5d88203a5f8b16904e7f06645d8cdefd/element'
20:08:05.115 [Forwarding findElement on session 5d88203a5f8b16904e7f06645d8cdefd to remote] DEBUG org.asynchttpclient.netty.request.NettyRequestSender - Using open Channel [id: 0x6528835a, L:/127.0.0.1:60193 - R:localhost/127.0.0.1:62174] for POST '/session/5d88203a5f8b16904e7f06645d8cdefd/element'
20:08:05.131 [AsyncHttpClient-1-2] DEBUG org.asynchttpclient.netty.handler.HttpHandler - 

Request DefaultHttpRequest(decodeResult: success, version: HTTP/1.1)
POST /session/5d88203a5f8b16904e7f06645d8cdefd/element HTTP/1.1
User-Agent: selenium/4.1.2 (java windows)
Content-Length: 58
Content-Type: application/json; charset=utf-8
host: localhost:62174
accept: */*

Response DefaultHttpResponse(decodeResult: success, version: HTTP/1.1)
HTTP/1.1 200 OK
Content-Type: application/json; charset=utf-8
cache-control: no-cache
content-length: 88

20:08:05.131 [AsyncHttpClient-1-2] DEBUG org.asynchttpclient.netty.channel.ChannelManager - Adding key: http://localhost:62174 for channel [id: 0x6528835a, L:/127.0.0.1:60193 - R:localhost/127.0.0.1:62174]
20:08:05.134 [Forwarding sendKeysToElement on session 5d88203a5f8b16904e7f06645d8cdefd to remote] DEBUG org.asynchttpclient.netty.request.NettyRequestSender - Using pooled Channel '[id: 0x6528835a, L:/127.0.0.1:60193 - R:localhost/127.0.0.1:62174]' for 'POST' to 'http://localhost:62174/session/5d88203a5f8b16904e7f06645d8cdefd/element/3ae12275-e957-4ddf-b5c3-48c430ce12d6/value'
20:08:05.134 [Forwarding sendKeysToElement on session 5d88203a5f8b16904e7f06645d8cdefd to remote] DEBUG org.asynchttpclient.netty.request.NettyRequestSender - Using open Channel [id: 0x6528835a, L:/127.0.0.1:60193 - R:localhost/127.0.0.1:62174] for POST '/session/5d88203a5f8b16904e7f06645d8cdefd/element/3ae12275-e957-4ddf-b5c3-48c430ce12d6/value'
20:08:05.192 [AsyncHttpClient-1-2] DEBUG org.asynchttpclient.netty.handler.HttpHandler - 

Request DefaultHttpRequest(decodeResult: success, version: HTTP/1.1)
POST /session/5d88203a5f8b16904e7f06645d8cdefd/element/3ae12275-e957-4ddf-b5c3-48c430ce12d6/value HTTP/1.1
User-Agent: selenium/4.1.2 (java windows)
Content-Length: 161
Content-Type: application/json; charset=utf-8
host: localhost:62174
accept: */*

Response DefaultHttpResponse(decodeResult: success, version: HTTP/1.1)
HTTP/1.1 200 OK
Content-Type: application/json; charset=utf-8
cache-control: no-cache
content-length: 14

20:08:05.192 [AsyncHttpClient-1-2] DEBUG org.asynchttpclient.netty.channel.ChannelManager - Adding key: http://localhost:62174 for channel [id: 0x6528835a, L:/127.0.0.1:60193 - R:localhost/127.0.0.1:62174]
20:08:05.194 [Forwarding findElement on session 5d88203a5f8b16904e7f06645d8cdefd to remote] DEBUG org.asynchttpclient.netty.request.NettyRequestSender - Using pooled Channel '[id: 0x6528835a, L:/127.0.0.1:60193 - R:localhost/127.0.0.1:62174]' for 'POST' to 'http://localhost:62174/session/5d88203a5f8b16904e7f06645d8cdefd/element'
20:08:05.194 [Forwarding findElement on session 5d88203a5f8b16904e7f06645d8cdefd to remote] DEBUG org.asynchttpclient.netty.request.NettyRequestSender - Using open Channel [id: 0x6528835a, L:/127.0.0.1:60193 - R:localhost/127.0.0.1:62174] for POST '/session/5d88203a5f8b16904e7f06645d8cdefd/element'
20:08:05.208 [AsyncHttpClient-1-2] DEBUG org.asynchttpclient.netty.handler.HttpHandler - 

Request DefaultHttpRequest(decodeResult: success, version: HTTP/1.1)
POST /session/5d88203a5f8b16904e7f06645d8cdefd/element HTTP/1.1
User-Agent: selenium/4.1.2 (java windows)
Content-Length: 58
Content-Type: application/json; charset=utf-8
host: localhost:62174
accept: */*

Response DefaultHttpResponse(decodeResult: success, version: HTTP/1.1)
HTTP/1.1 200 OK
Content-Type: application/json; charset=utf-8
cache-control: no-cache
content-length: 88

20:08:05.208 [AsyncHttpClient-1-2] DEBUG org.asynchttpclient.netty.channel.ChannelManager - Adding key: http://localhost:62174 for channel [id: 0x6528835a, L:/127.0.0.1:60193 - R:localhost/127.0.0.1:62174]
20:08:05.211 [Forwarding clickElement on session 5d88203a5f8b16904e7f06645d8cdefd to remote] DEBUG org.asynchttpclient.netty.request.NettyRequestSender - Using pooled Channel '[id: 0x6528835a, L:/127.0.0.1:60193 - R:localhost/127.0.0.1:62174]' for 'POST' to 'http://localhost:62174/session/5d88203a5f8b16904e7f06645d8cdefd/element/1bc200fe-2d70-4f24-a7d9-86c7b3a8c7a8/click'
20:08:05.211 [Forwarding clickElement on session 5d88203a5f8b16904e7f06645d8cdefd to remote] DEBUG org.asynchttpclient.netty.request.NettyRequestSender - Using open Channel [id: 0x6528835a, L:/127.0.0.1:60193 - R:localhost/127.0.0.1:62174] for POST '/session/5d88203a5f8b16904e7f06645d8cdefd/element/1bc200fe-2d70-4f24-a7d9-86c7b3a8c7a8/click'
20:08:05.297 [AsyncHttpClient-1-1] DEBUG org.asynchttpclient.netty.channel.DefaultChannelPool - Entry count for : http://localhost:60194 : 1
20:08:06.396 [AsyncHttpClient-1-1] DEBUG org.asynchttpclient.netty.channel.DefaultChannelPool - Entry count for : http://localhost:60194 : 1
20:08:07.497 [AsyncHttpClient-1-1] DEBUG org.asynchttpclient.netty.channel.DefaultChannelPool - Entry count for : http://localhost:60194 : 1
20:08:07.654 [AsyncHttpClient-1-2] DEBUG org.asynchttpclient.netty.handler.HttpHandler - 

Request DefaultHttpRequest(decodeResult: success, version: HTTP/1.1)
POST /session/5d88203a5f8b16904e7f06645d8cdefd/element/1bc200fe-2d70-4f24-a7d9-86c7b3a8c7a8/click HTTP/1.1
User-Agent: selenium/4.1.2 (java windows)
Content-Length: 50
Content-Type: application/json; charset=utf-8
host: localhost:62174
accept: */*

Response DefaultHttpResponse(decodeResult: success, version: HTTP/1.1)
HTTP/1.1 200 OK
Content-Type: application/json; charset=utf-8
cache-control: no-cache
content-length: 14

20:08:07.655 [AsyncHttpClient-1-2] DEBUG org.asynchttpclient.netty.channel.ChannelManager - Adding key: http://localhost:62174 for channel [id: 0x6528835a, L:/127.0.0.1:60193 - R:localhost/127.0.0.1:62174]
20:08:07.665 [Forwarding findElement on session 5d88203a5f8b16904e7f06645d8cdefd to remote] DEBUG org.asynchttpclient.netty.request.NettyRequestSender - Using pooled Channel '[id: 0x6528835a, L:/127.0.0.1:60193 - R:localhost/127.0.0.1:62174]' for 'POST' to 'http://localhost:62174/session/5d88203a5f8b16904e7f06645d8cdefd/element'
20:08:07.665 [Forwarding findElement on session 5d88203a5f8b16904e7f06645d8cdefd to remote] DEBUG org.asynchttpclient.netty.request.NettyRequestSender - Using open Channel [id: 0x6528835a, L:/127.0.0.1:60193 - R:localhost/127.0.0.1:62174] for POST '/session/5d88203a5f8b16904e7f06645d8cdefd/element'
20:08:07.686 [AsyncHttpClient-1-2] DEBUG org.asynchttpclient.netty.handler.HttpHandler - 

Request DefaultHttpRequest(decodeResult: success, version: HTTP/1.1)
POST /session/5d88203a5f8b16904e7f06645d8cdefd/element HTTP/1.1
User-Agent: selenium/4.1.2 (java windows)
Content-Length: 57
Content-Type: application/json; charset=utf-8
host: localhost:62174
accept: */*

Response DefaultHttpResponse(decodeResult: success, version: HTTP/1.1)
HTTP/1.1 200 OK
Content-Type: application/json; charset=utf-8
cache-control: no-cache
content-length: 88

20:08:07.687 [AsyncHttpClient-1-2] DEBUG org.asynchttpclient.netty.channel.ChannelManager - Adding key: http://localhost:62174 for channel [id: 0x6528835a, L:/127.0.0.1:60193 - R:localhost/127.0.0.1:62174]
20:08:07.695 [Forwarding clickElement on session 5d88203a5f8b16904e7f06645d8cdefd to remote] DEBUG org.asynchttpclient.netty.request.NettyRequestSender - Using pooled Channel '[id: 0x6528835a, L:/127.0.0.1:60193 - R:localhost/127.0.0.1:62174]' for 'POST' to 'http://localhost:62174/session/5d88203a5f8b16904e7f06645d8cdefd/element/c590bc3e-9e8e-447a-83f6-46c3d7512aa5/click'
20:08:07.695 [Forwarding clickElement on session 5d88203a5f8b16904e7f06645d8cdefd to remote] DEBUG org.asynchttpclient.netty.request.NettyRequestSender - Using open Channel [id: 0x6528835a, L:/127.0.0.1:60193 - R:localhost/127.0.0.1:62174] for POST '/session/5d88203a5f8b16904e7f06645d8cdefd/element/c590bc3e-9e8e-447a-83f6-46c3d7512aa5/click'
20:08:07.798 [AsyncHttpClient-1-2] DEBUG org.asynchttpclient.netty.handler.HttpHandler - 

Request DefaultHttpRequest(decodeResult: success, version: HTTP/1.1)
POST /session/5d88203a5f8b16904e7f06645d8cdefd/element/c590bc3e-9e8e-447a-83f6-46c3d7512aa5/click HTTP/1.1
User-Agent: selenium/4.1.2 (java windows)
Content-Length: 50
Content-Type: application/json; charset=utf-8
host: localhost:62174
accept: */*

Response DefaultHttpResponse(decodeResult: success, version: HTTP/1.1)
HTTP/1.1 200 OK
Content-Type: application/json; charset=utf-8
cache-control: no-cache
content-length: 14

20:08:07.798 [AsyncHttpClient-1-2] DEBUG org.asynchttpclient.netty.channel.ChannelManager - Adding key: http://localhost:62174 for channel [id: 0x6528835a, L:/127.0.0.1:60193 - R:localhost/127.0.0.1:62174]
20:08:07.807 [Forwarding findElement on session 5d88203a5f8b16904e7f06645d8cdefd to remote] DEBUG org.asynchttpclient.netty.request.NettyRequestSender - Using pooled Channel '[id: 0x6528835a, L:/127.0.0.1:60193 - R:localhost/127.0.0.1:62174]' for 'POST' to 'http://localhost:62174/session/5d88203a5f8b16904e7f06645d8cdefd/element'
20:08:07.807 [Forwarding findElement on session 5d88203a5f8b16904e7f06645d8cdefd to remote] DEBUG org.asynchttpclient.netty.request.NettyRequestSender - Using open Channel [id: 0x6528835a, L:/127.0.0.1:60193 - R:localhost/127.0.0.1:62174] for POST '/session/5d88203a5f8b16904e7f06645d8cdefd/element'
20:08:07.824 [AsyncHttpClient-1-2] DEBUG org.asynchttpclient.netty.handler.HttpHandler - 

Request DefaultHttpRequest(decodeResult: success, version: HTTP/1.1)
POST /session/5d88203a5f8b16904e7f06645d8cdefd/element HTTP/1.1
User-Agent: selenium/4.1.2 (java windows)
Content-Length: 98
Content-Type: application/json; charset=utf-8
host: localhost:62174
accept: */*

Response DefaultHttpResponse(decodeResult: success, version: HTTP/1.1)
HTTP/1.1 200 OK
Content-Type: application/json; charset=utf-8
cache-control: no-cache
content-length: 88

20:08:07.825 [AsyncHttpClient-1-2] DEBUG org.asynchttpclient.netty.channel.ChannelManager - Adding key: http://localhost:62174 for channel [id: 0x6528835a, L:/127.0.0.1:60193 - R:localhost/127.0.0.1:62174]
20:08:07.831 [Forwarding sendKeysToElement on session 5d88203a5f8b16904e7f06645d8cdefd to remote] DEBUG org.asynchttpclient.netty.request.NettyRequestSender - Using pooled Channel '[id: 0x6528835a, L:/127.0.0.1:60193 - R:localhost/127.0.0.1:62174]' for 'POST' to 'http://localhost:62174/session/5d88203a5f8b16904e7f06645d8cdefd/element/76072d91-b312-4b94-bda6-de62715405e6/value'
20:08:07.831 [Forwarding sendKeysToElement on session 5d88203a5f8b16904e7f06645d8cdefd to remote] DEBUG org.asynchttpclient.netty.request.NettyRequestSender - Using open Channel [id: 0x6528835a, L:/127.0.0.1:60193 - R:localhost/127.0.0.1:62174] for POST '/session/5d88203a5f8b16904e7f06645d8cdefd/element/76072d91-b312-4b94-bda6-de62715405e6/value'
20:08:07.931 [AsyncHttpClient-1-2] DEBUG org.asynchttpclient.netty.handler.HttpHandler - 

Request DefaultHttpRequest(decodeResult: success, version: HTTP/1.1)
POST /session/5d88203a5f8b16904e7f06645d8cdefd/element/76072d91-b312-4b94-bda6-de62715405e6/value HTTP/1.1
User-Agent: selenium/4.1.2 (java windows)
Content-Length: 1079
Content-Type: application/json; charset=utf-8
host: localhost:62174
accept: */*

Response DefaultHttpResponse(decodeResult: success, version: HTTP/1.1)
HTTP/1.1 200 OK
Content-Type: application/json; charset=utf-8
cache-control: no-cache
content-length: 14

20:08:07.932 [AsyncHttpClient-1-2] DEBUG org.asynchttpclient.netty.channel.ChannelManager - Adding key: http://localhost:62174 for channel [id: 0x6528835a, L:/127.0.0.1:60193 - R:localhost/127.0.0.1:62174]
20:08:07.941 [Forwarding findElement on session 5d88203a5f8b16904e7f06645d8cdefd to remote] DEBUG org.asynchttpclient.netty.request.NettyRequestSender - Using pooled Channel '[id: 0x6528835a, L:/127.0.0.1:60193 - R:localhost/127.0.0.1:62174]' for 'POST' to 'http://localhost:62174/session/5d88203a5f8b16904e7f06645d8cdefd/element'
20:08:07.942 [Forwarding findElement on session 5d88203a5f8b16904e7f06645d8cdefd to remote] DEBUG org.asynchttpclient.netty.request.NettyRequestSender - Using open Channel [id: 0x6528835a, L:/127.0.0.1:60193 - R:localhost/127.0.0.1:62174] for POST '/session/5d88203a5f8b16904e7f06645d8cdefd/element'
20:08:07.966 [AsyncHttpClient-1-2] DEBUG org.asynchttpclient.netty.handler.HttpHandler - 

Request DefaultHttpRequest(decodeResult: success, version: HTTP/1.1)
POST /session/5d88203a5f8b16904e7f06645d8cdefd/element HTTP/1.1
User-Agent: selenium/4.1.2 (java windows)
Content-Length: 82
Content-Type: application/json; charset=utf-8
host: localhost:62174
accept: */*

Response DefaultHttpResponse(decodeResult: success, version: HTTP/1.1)
HTTP/1.1 200 OK
Content-Type: application/json; charset=utf-8
cache-control: no-cache
content-length: 88

20:08:07.967 [AsyncHttpClient-1-2] DEBUG org.asynchttpclient.netty.channel.ChannelManager - Adding key: http://localhost:62174 for channel [id: 0x6528835a, L:/127.0.0.1:60193 - R:localhost/127.0.0.1:62174]
20:08:08.008 [Forwarding isElementDisplayed on session 5d88203a5f8b16904e7f06645d8cdefd to remote] DEBUG org.asynchttpclient.netty.request.NettyRequestSender - Using pooled Channel '[id: 0x6528835a, L:/127.0.0.1:60193 - R:localhost/127.0.0.1:62174]' for 'POST' to 'http://localhost:62174/session/5d88203a5f8b16904e7f06645d8cdefd/execute/sync'
20:08:08.009 [Forwarding isElementDisplayed on session 5d88203a5f8b16904e7f06645d8cdefd to remote] DEBUG org.asynchttpclient.netty.request.NettyRequestSender - Using open Channel [id: 0x6528835a, L:/127.0.0.1:60193 - R:localhost/127.0.0.1:62174] for POST '/session/5d88203a5f8b16904e7f06645d8cdefd/execute/sync'
20:08:08.042 [AsyncHttpClient-1-2] DEBUG org.asynchttpclient.netty.handler.HttpHandler - 

Request DefaultHttpRequest(decodeResult: success, version: HTTP/1.1)
POST /session/5d88203a5f8b16904e7f06645d8cdefd/execute/sync HTTP/1.1
User-Agent: selenium/4.1.2 (java windows)
Content-Length: 48780
Content-Type: application/json; charset=utf-8
host: localhost:62174
accept: */*

Response DefaultHttpResponse(decodeResult: success, version: HTTP/1.1)
HTTP/1.1 200 OK
Content-Type: application/json; charset=utf-8
cache-control: no-cache
content-length: 14

20:08:08.042 [AsyncHttpClient-1-2] DEBUG org.asynchttpclient.netty.channel.ChannelManager - Adding key: http://localhost:62174 for channel [id: 0x6528835a, L:/127.0.0.1:60193 - R:localhost/127.0.0.1:62174]
20:08:08.045 [Forwarding findElement on session 5d88203a5f8b16904e7f06645d8cdefd to remote] DEBUG org.asynchttpclient.netty.request.NettyRequestSender - Using pooled Channel '[id: 0x6528835a, L:/127.0.0.1:60193 - R:localhost/127.0.0.1:62174]' for 'POST' to 'http://localhost:62174/session/5d88203a5f8b16904e7f06645d8cdefd/element'
20:08:08.045 [Forwarding findElement on session 5d88203a5f8b16904e7f06645d8cdefd to remote] DEBUG org.asynchttpclient.netty.request.NettyRequestSender - Using open Channel [id: 0x6528835a, L:/127.0.0.1:60193 - R:localhost/127.0.0.1:62174] for POST '/session/5d88203a5f8b16904e7f06645d8cdefd/element'
20:08:08.054 [AsyncHttpClient-1-2] DEBUG org.asynchttpclient.netty.handler.HttpHandler - 

Request DefaultHttpRequest(decodeResult: success, version: HTTP/1.1)
POST /session/5d88203a5f8b16904e7f06645d8cdefd/element HTTP/1.1
User-Agent: selenium/4.1.2 (java windows)
Content-Length: 82
Content-Type: application/json; charset=utf-8
host: localhost:62174
accept: */*

Response DefaultHttpResponse(decodeResult: success, version: HTTP/1.1)
HTTP/1.1 200 OK
Content-Type: application/json; charset=utf-8
cache-control: no-cache
content-length: 88

20:08:08.055 [AsyncHttpClient-1-2] DEBUG org.asynchttpclient.netty.channel.ChannelManager - Adding key: http://localhost:62174 for channel [id: 0x6528835a, L:/127.0.0.1:60193 - R:localhost/127.0.0.1:62174]
20:08:08.058 [Forwarding isElementEnabled on session 5d88203a5f8b16904e7f06645d8cdefd to remote] DEBUG org.asynchttpclient.netty.request.NettyRequestSender - Using pooled Channel '[id: 0x6528835a, L:/127.0.0.1:60193 - R:localhost/127.0.0.1:62174]' for 'GET' to 'http://localhost:62174/session/5d88203a5f8b16904e7f06645d8cdefd/element/69c1e2eb-79a1-4090-adeb-ff89dfc8f387/enabled'
20:08:08.058 [Forwarding isElementEnabled on session 5d88203a5f8b16904e7f06645d8cdefd to remote] DEBUG org.asynchttpclient.netty.request.NettyRequestSender - Using open Channel [id: 0x6528835a, L:/127.0.0.1:60193 - R:localhost/127.0.0.1:62174] for GET '/session/5d88203a5f8b16904e7f06645d8cdefd/element/69c1e2eb-79a1-4090-adeb-ff89dfc8f387/enabled'
20:08:08.071 [AsyncHttpClient-1-2] DEBUG org.asynchttpclient.netty.handler.HttpHandler - 

Request DefaultFullHttpRequest(decodeResult: success, version: HTTP/1.1, content: EmptyByteBufBE)
GET /session/5d88203a5f8b16904e7f06645d8cdefd/element/69c1e2eb-79a1-4090-adeb-ff89dfc8f387/enabled HTTP/1.1
User-Agent: selenium/4.1.2 (java windows)
Cache-Control: no-cache
Content-Type: application/json; charset=utf-8
host: localhost:62174
accept: */*

Response DefaultHttpResponse(decodeResult: success, version: HTTP/1.1)
HTTP/1.1 200 OK
Content-Type: application/json; charset=utf-8
cache-control: no-cache
content-length: 14

20:08:08.071 [AsyncHttpClient-1-2] DEBUG org.asynchttpclient.netty.channel.ChannelManager - Adding key: http://localhost:62174 for channel [id: 0x6528835a, L:/127.0.0.1:60193 - R:localhost/127.0.0.1:62174]
20:08:08.073 [Forwarding findElement on session 5d88203a5f8b16904e7f06645d8cdefd to remote] DEBUG org.asynchttpclient.netty.request.NettyRequestSender - Using pooled Channel '[id: 0x6528835a, L:/127.0.0.1:60193 - R:localhost/127.0.0.1:62174]' for 'POST' to 'http://localhost:62174/session/5d88203a5f8b16904e7f06645d8cdefd/element'
20:08:08.073 [Forwarding findElement on session 5d88203a5f8b16904e7f06645d8cdefd to remote] DEBUG org.asynchttpclient.netty.request.NettyRequestSender - Using open Channel [id: 0x6528835a, L:/127.0.0.1:60193 - R:localhost/127.0.0.1:62174] for POST '/session/5d88203a5f8b16904e7f06645d8cdefd/element'
20:08:08.081 [AsyncHttpClient-1-2] DEBUG org.asynchttpclient.netty.handler.HttpHandler - 

Request DefaultHttpRequest(decodeResult: success, version: HTTP/1.1)
POST /session/5d88203a5f8b16904e7f06645d8cdefd/element HTTP/1.1
User-Agent: selenium/4.1.2 (java windows)
Content-Length: 82
Content-Type: application/json; charset=utf-8
host: localhost:62174
accept: */*

Response DefaultHttpResponse(decodeResult: success, version: HTTP/1.1)
HTTP/1.1 200 OK
Content-Type: application/json; charset=utf-8
cache-control: no-cache
content-length: 88

20:08:08.081 [AsyncHttpClient-1-2] DEBUG org.asynchttpclient.netty.channel.ChannelManager - Adding key: http://localhost:62174 for channel [id: 0x6528835a, L:/127.0.0.1:60193 - R:localhost/127.0.0.1:62174]
20:08:08.084 [Forwarding clickElement on session 5d88203a5f8b16904e7f06645d8cdefd to remote] DEBUG org.asynchttpclient.netty.request.NettyRequestSender - Using pooled Channel '[id: 0x6528835a, L:/127.0.0.1:60193 - R:localhost/127.0.0.1:62174]' for 'POST' to 'http://localhost:62174/session/5d88203a5f8b16904e7f06645d8cdefd/element/69c1e2eb-79a1-4090-adeb-ff89dfc8f387/click'
20:08:08.084 [Forwarding clickElement on session 5d88203a5f8b16904e7f06645d8cdefd to remote] DEBUG org.asynchttpclient.netty.request.NettyRequestSender - Using open Channel [id: 0x6528835a, L:/127.0.0.1:60193 - R:localhost/127.0.0.1:62174] for POST '/session/5d88203a5f8b16904e7f06645d8cdefd/element/69c1e2eb-79a1-4090-adeb-ff89dfc8f387/click'
20:08:08.590 [AsyncHttpClient-1-2] DEBUG org.asynchttpclient.netty.handler.HttpHandler - 

Request DefaultHttpRequest(decodeResult: success, version: HTTP/1.1)
POST /session/5d88203a5f8b16904e7f06645d8cdefd/element/69c1e2eb-79a1-4090-adeb-ff89dfc8f387/click HTTP/1.1
User-Agent: selenium/4.1.2 (java windows)
Content-Length: 50
Content-Type: application/json; charset=utf-8
host: localhost:62174
accept: */*

Response DefaultHttpResponse(decodeResult: success, version: HTTP/1.1)
HTTP/1.1 200 OK
Content-Type: application/json; charset=utf-8
cache-control: no-cache
content-length: 14

20:08:08.590 [AsyncHttpClient-1-2] DEBUG org.asynchttpclient.netty.channel.ChannelManager - Adding key: http://localhost:62174 for channel [id: 0x6528835a, L:/127.0.0.1:60193 - R:localhost/127.0.0.1:62174]
20:08:08.593 [Forwarding findElement on session 5d88203a5f8b16904e7f06645d8cdefd to remote] DEBUG org.asynchttpclient.netty.request.NettyRequestSender - Using pooled Channel '[id: 0x6528835a, L:/127.0.0.1:60193 - R:localhost/127.0.0.1:62174]' for 'POST' to 'http://localhost:62174/session/5d88203a5f8b16904e7f06645d8cdefd/element'
20:08:08.593 [Forwarding findElement on session 5d88203a5f8b16904e7f06645d8cdefd to remote] DEBUG org.asynchttpclient.netty.request.NettyRequestSender - Using open Channel [id: 0x6528835a, L:/127.0.0.1:60193 - R:localhost/127.0.0.1:62174] for POST '/session/5d88203a5f8b16904e7f06645d8cdefd/element'
20:08:08.597 [AsyncHttpClient-1-1] DEBUG org.asynchttpclient.netty.channel.DefaultChannelPool - Entry count for : http://localhost:60194 : 1
20:08:08.609 [AsyncHttpClient-1-2] DEBUG org.asynchttpclient.netty.handler.HttpHandler - 

Request DefaultHttpRequest(decodeResult: success, version: HTTP/1.1)
POST /session/5d88203a5f8b16904e7f06645d8cdefd/element HTTP/1.1
User-Agent: selenium/4.1.2 (java windows)
Content-Length: 122
Content-Type: application/json; charset=utf-8
host: localhost:62174
accept: */*

Response DefaultHttpResponse(decodeResult: success, version: HTTP/1.1)
HTTP/1.1 200 OK
Content-Type: application/json; charset=utf-8
cache-control: no-cache
content-length: 88

20:08:08.610 [AsyncHttpClient-1-2] DEBUG org.asynchttpclient.netty.channel.ChannelManager - Adding key: http://localhost:62174 for channel [id: 0x6528835a, L:/127.0.0.1:60193 - R:localhost/127.0.0.1:62174]
20:08:08.612 [Forwarding clickElement on session 5d88203a5f8b16904e7f06645d8cdefd to remote] DEBUG org.asynchttpclient.netty.request.NettyRequestSender - Using pooled Channel '[id: 0x6528835a, L:/127.0.0.1:60193 - R:localhost/127.0.0.1:62174]' for 'POST' to 'http://localhost:62174/session/5d88203a5f8b16904e7f06645d8cdefd/element/674cd60a-6de6-446e-bd18-dd4c98b9e20f/click'
20:08:08.612 [Forwarding clickElement on session 5d88203a5f8b16904e7f06645d8cdefd to remote] DEBUG org.asynchttpclient.netty.request.NettyRequestSender - Using open Channel [id: 0x6528835a, L:/127.0.0.1:60193 - R:localhost/127.0.0.1:62174] for POST '/session/5d88203a5f8b16904e7f06645d8cdefd/element/674cd60a-6de6-446e-bd18-dd4c98b9e20f/click'
20:08:09.309 [AsyncHttpClient-1-2] DEBUG org.asynchttpclient.netty.handler.HttpHandler - 

Request DefaultHttpRequest(decodeResult: success, version: HTTP/1.1)
POST /session/5d88203a5f8b16904e7f06645d8cdefd/element/674cd60a-6de6-446e-bd18-dd4c98b9e20f/click HTTP/1.1
User-Agent: selenium/4.1.2 (java windows)
Content-Length: 50
Content-Type: application/json; charset=utf-8
host: localhost:62174
accept: */*

Response DefaultHttpResponse(decodeResult: success, version: HTTP/1.1)
HTTP/1.1 200 OK
Content-Type: application/json; charset=utf-8
cache-control: no-cache
content-length: 14

20:08:09.310 [AsyncHttpClient-1-2] DEBUG org.asynchttpclient.netty.channel.ChannelManager - Adding key: http://localhost:62174 for channel [id: 0x6528835a, L:/127.0.0.1:60193 - R:localhost/127.0.0.1:62174]
20:08:09.313 [Forwarding findElement on session 5d88203a5f8b16904e7f06645d8cdefd to remote] DEBUG org.asynchttpclient.netty.request.NettyRequestSender - Using pooled Channel '[id: 0x6528835a, L:/127.0.0.1:60193 - R:localhost/127.0.0.1:62174]' for 'POST' to 'http://localhost:62174/session/5d88203a5f8b16904e7f06645d8cdefd/element'
20:08:09.314 [Forwarding findElement on session 5d88203a5f8b16904e7f06645d8cdefd to remote] DEBUG org.asynchttpclient.netty.request.NettyRequestSender - Using open Channel [id: 0x6528835a, L:/127.0.0.1:60193 - R:localhost/127.0.0.1:62174] for POST '/session/5d88203a5f8b16904e7f06645d8cdefd/element'
20:08:09.326 [AsyncHttpClient-1-2] DEBUG org.asynchttpclient.netty.handler.HttpHandler - 

Request DefaultHttpRequest(decodeResult: success, version: HTTP/1.1)
POST /session/5d88203a5f8b16904e7f06645d8cdefd/element HTTP/1.1
User-Agent: selenium/4.1.2 (java windows)
Content-Length: 57
Content-Type: application/json; charset=utf-8
host: localhost:62174
accept: */*

Response DefaultHttpResponse(decodeResult: success, version: HTTP/1.1)
HTTP/1.1 200 OK
Content-Type: application/json; charset=utf-8
cache-control: no-cache
content-length: 88

20:08:09.326 [AsyncHttpClient-1-2] DEBUG org.asynchttpclient.netty.channel.ChannelManager - Adding key: http://localhost:62174 for channel [id: 0x6528835a, L:/127.0.0.1:60193 - R:localhost/127.0.0.1:62174]
20:08:09.328 [Forwarding clickElement on session 5d88203a5f8b16904e7f06645d8cdefd to remote] DEBUG org.asynchttpclient.netty.request.NettyRequestSender - Using pooled Channel '[id: 0x6528835a, L:/127.0.0.1:60193 - R:localhost/127.0.0.1:62174]' for 'POST' to 'http://localhost:62174/session/5d88203a5f8b16904e7f06645d8cdefd/element/c590bc3e-9e8e-447a-83f6-46c3d7512aa5/click'
20:08:09.328 [Forwarding clickElement on session 5d88203a5f8b16904e7f06645d8cdefd to remote] DEBUG org.asynchttpclient.netty.request.NettyRequestSender - Using open Channel [id: 0x6528835a, L:/127.0.0.1:60193 - R:localhost/127.0.0.1:62174] for POST '/session/5d88203a5f8b16904e7f06645d8cdefd/element/c590bc3e-9e8e-447a-83f6-46c3d7512aa5/click'
20:08:09.368 [AsyncHttpClient-1-2] DEBUG org.asynchttpclient.netty.handler.HttpHandler - 

Request DefaultHttpRequest(decodeResult: success, version: HTTP/1.1)
POST /session/5d88203a5f8b16904e7f06645d8cdefd/element/c590bc3e-9e8e-447a-83f6-46c3d7512aa5/click HTTP/1.1
User-Agent: selenium/4.1.2 (java windows)
Content-Length: 50
Content-Type: application/json; charset=utf-8
host: localhost:62174
accept: */*

Response DefaultHttpResponse(decodeResult: success, version: HTTP/1.1)
HTTP/1.1 200 OK
Content-Type: application/json; charset=utf-8
cache-control: no-cache
content-length: 14

20:08:09.369 [AsyncHttpClient-1-2] DEBUG org.asynchttpclient.netty.channel.ChannelManager - Adding key: http://localhost:62174 for channel [id: 0x6528835a, L:/127.0.0.1:60193 - R:localhost/127.0.0.1:62174]
20:08:09.373 [Forwarding findElement on session 5d88203a5f8b16904e7f06645d8cdefd to remote] DEBUG org.asynchttpclient.netty.request.NettyRequestSender - Using pooled Channel '[id: 0x6528835a, L:/127.0.0.1:60193 - R:localhost/127.0.0.1:62174]' for 'POST' to 'http://localhost:62174/session/5d88203a5f8b16904e7f06645d8cdefd/element'
20:08:09.373 [Forwarding findElement on session 5d88203a5f8b16904e7f06645d8cdefd to remote] DEBUG org.asynchttpclient.netty.request.NettyRequestSender - Using open Channel [id: 0x6528835a, L:/127.0.0.1:60193 - R:localhost/127.0.0.1:62174] for POST '/session/5d88203a5f8b16904e7f06645d8cdefd/element'
20:08:09.392 [AsyncHttpClient-1-2] DEBUG org.asynchttpclient.netty.handler.HttpHandler - 

Request DefaultHttpRequest(decodeResult: success, version: HTTP/1.1)
POST /session/5d88203a5f8b16904e7f06645d8cdefd/element HTTP/1.1
User-Agent: selenium/4.1.2 (java windows)
Content-Length: 98
Content-Type: application/json; charset=utf-8
host: localhost:62174
accept: */*

Response DefaultHttpResponse(decodeResult: success, version: HTTP/1.1)
HTTP/1.1 200 OK
Content-Type: application/json; charset=utf-8
cache-control: no-cache
content-length: 88

20:08:09.394 [AsyncHttpClient-1-2] DEBUG org.asynchttpclient.netty.channel.ChannelManager - Adding key: http://localhost:62174 for channel [id: 0x6528835a, L:/127.0.0.1:60193 - R:localhost/127.0.0.1:62174]
20:08:09.399 [Forwarding sendKeysToElement on session 5d88203a5f8b16904e7f06645d8cdefd to remote] DEBUG org.asynchttpclient.netty.request.NettyRequestSender - Using pooled Channel '[id: 0x6528835a, L:/127.0.0.1:60193 - R:localhost/127.0.0.1:62174]' for 'POST' to 'http://localhost:62174/session/5d88203a5f8b16904e7f06645d8cdefd/element/a8c6c9cf-2aaf-4439-af8d-6056564438e7/value'
20:08:09.399 [Forwarding sendKeysToElement on session 5d88203a5f8b16904e7f06645d8cdefd to remote] DEBUG org.asynchttpclient.netty.request.NettyRequestSender - Using open Channel [id: 0x6528835a, L:/127.0.0.1:60193 - R:localhost/127.0.0.1:62174] for POST '/session/5d88203a5f8b16904e7f06645d8cdefd/element/a8c6c9cf-2aaf-4439-af8d-6056564438e7/value'
20:08:09.435 [AsyncHttpClient-1-2] DEBUG org.asynchttpclient.netty.handler.HttpHandler - 

Request DefaultHttpRequest(decodeResult: success, version: HTTP/1.1)
POST /session/5d88203a5f8b16904e7f06645d8cdefd/element/a8c6c9cf-2aaf-4439-af8d-6056564438e7/value HTTP/1.1
User-Agent: selenium/4.1.2 (java windows)
Content-Length: 1079
Content-Type: application/json; charset=utf-8
host: localhost:62174
accept: */*

Response DefaultHttpResponse(decodeResult: success, version: HTTP/1.1)
HTTP/1.1 200 OK
Content-Type: application/json; charset=utf-8
cache-control: no-cache
content-length: 14

20:08:09.435 [AsyncHttpClient-1-2] DEBUG org.asynchttpclient.netty.channel.ChannelManager - Adding key: http://localhost:62174 for channel [id: 0x6528835a, L:/127.0.0.1:60193 - R:localhost/127.0.0.1:62174]
20:08:09.437 [Forwarding findElement on session 5d88203a5f8b16904e7f06645d8cdefd to remote] DEBUG org.asynchttpclient.netty.request.NettyRequestSender - Using pooled Channel '[id: 0x6528835a, L:/127.0.0.1:60193 - R:localhost/127.0.0.1:62174]' for 'POST' to 'http://localhost:62174/session/5d88203a5f8b16904e7f06645d8cdefd/element'
20:08:09.437 [Forwarding findElement on session 5d88203a5f8b16904e7f06645d8cdefd to remote] DEBUG org.asynchttpclient.netty.request.NettyRequestSender - Using open Channel [id: 0x6528835a, L:/127.0.0.1:60193 - R:localhost/127.0.0.1:62174] for POST '/session/5d88203a5f8b16904e7f06645d8cdefd/element'
20:08:09.450 [AsyncHttpClient-1-2] DEBUG org.asynchttpclient.netty.handler.HttpHandler - 

Request DefaultHttpRequest(decodeResult: success, version: HTTP/1.1)
POST /session/5d88203a5f8b16904e7f06645d8cdefd/element HTTP/1.1
User-Agent: selenium/4.1.2 (java windows)
Content-Length: 82
Content-Type: application/json; charset=utf-8
host: localhost:62174
accept: */*

Response DefaultHttpResponse(decodeResult: success, version: HTTP/1.1)
HTTP/1.1 200 OK
Content-Type: application/json; charset=utf-8
cache-control: no-cache
content-length: 88

20:08:09.451 [AsyncHttpClient-1-2] DEBUG org.asynchttpclient.netty.channel.ChannelManager - Adding key: http://localhost:62174 for channel [id: 0x6528835a, L:/127.0.0.1:60193 - R:localhost/127.0.0.1:62174]
20:08:09.460 [Forwarding isElementDisplayed on session 5d88203a5f8b16904e7f06645d8cdefd to remote] DEBUG org.asynchttpclient.netty.request.NettyRequestSender - Using pooled Channel '[id: 0x6528835a, L:/127.0.0.1:60193 - R:localhost/127.0.0.1:62174]' for 'POST' to 'http://localhost:62174/session/5d88203a5f8b16904e7f06645d8cdefd/execute/sync'
20:08:09.460 [Forwarding isElementDisplayed on session 5d88203a5f8b16904e7f06645d8cdefd to remote] DEBUG org.asynchttpclient.netty.request.NettyRequestSender - Using open Channel [id: 0x6528835a, L:/127.0.0.1:60193 - R:localhost/127.0.0.1:62174] for POST '/session/5d88203a5f8b16904e7f06645d8cdefd/execute/sync'
20:08:09.485 [AsyncHttpClient-1-2] DEBUG org.asynchttpclient.netty.handler.HttpHandler - 

Request DefaultHttpRequest(decodeResult: success, version: HTTP/1.1)
POST /session/5d88203a5f8b16904e7f06645d8cdefd/execute/sync HTTP/1.1
User-Agent: selenium/4.1.2 (java windows)
Content-Length: 48780
Content-Type: application/json; charset=utf-8
host: localhost:62174
accept: */*

Response DefaultHttpResponse(decodeResult: success, version: HTTP/1.1)
HTTP/1.1 200 OK
Content-Type: application/json; charset=utf-8
cache-control: no-cache
content-length: 14

20:08:09.485 [AsyncHttpClient-1-2] DEBUG org.asynchttpclient.netty.channel.ChannelManager - Adding key: http://localhost:62174 for channel [id: 0x6528835a, L:/127.0.0.1:60193 - R:localhost/127.0.0.1:62174]
20:08:09.489 [Forwarding findElement on session 5d88203a5f8b16904e7f06645d8cdefd to remote] DEBUG org.asynchttpclient.netty.request.NettyRequestSender - Using pooled Channel '[id: 0x6528835a, L:/127.0.0.1:60193 - R:localhost/127.0.0.1:62174]' for 'POST' to 'http://localhost:62174/session/5d88203a5f8b16904e7f06645d8cdefd/element'
20:08:09.489 [Forwarding findElement on session 5d88203a5f8b16904e7f06645d8cdefd to remote] DEBUG org.asynchttpclient.netty.request.NettyRequestSender - Using open Channel [id: 0x6528835a, L:/127.0.0.1:60193 - R:localhost/127.0.0.1:62174] for POST '/session/5d88203a5f8b16904e7f06645d8cdefd/element'
20:08:09.500 [AsyncHttpClient-1-2] DEBUG org.asynchttpclient.netty.handler.HttpHandler - 

Request DefaultHttpRequest(decodeResult: success, version: HTTP/1.1)
POST /session/5d88203a5f8b16904e7f06645d8cdefd/element HTTP/1.1
User-Agent: selenium/4.1.2 (java windows)
Content-Length: 82
Content-Type: application/json; charset=utf-8
host: localhost:62174
accept: */*

Response DefaultHttpResponse(decodeResult: success, version: HTTP/1.1)
HTTP/1.1 200 OK
Content-Type: application/json; charset=utf-8
cache-control: no-cache
content-length: 88

20:08:09.501 [AsyncHttpClient-1-2] DEBUG org.asynchttpclient.netty.channel.ChannelManager - Adding key: http://localhost:62174 for channel [id: 0x6528835a, L:/127.0.0.1:60193 - R:localhost/127.0.0.1:62174]
20:08:09.503 [Forwarding isElementEnabled on session 5d88203a5f8b16904e7f06645d8cdefd to remote] DEBUG org.asynchttpclient.netty.request.NettyRequestSender - Using pooled Channel '[id: 0x6528835a, L:/127.0.0.1:60193 - R:localhost/127.0.0.1:62174]' for 'GET' to 'http://localhost:62174/session/5d88203a5f8b16904e7f06645d8cdefd/element/485d9b99-a33e-45bb-a9e3-04c5a44c18cc/enabled'
20:08:09.503 [Forwarding isElementEnabled on session 5d88203a5f8b16904e7f06645d8cdefd to remote] DEBUG org.asynchttpclient.netty.request.NettyRequestSender - Using open Channel [id: 0x6528835a, L:/127.0.0.1:60193 - R:localhost/127.0.0.1:62174] for GET '/session/5d88203a5f8b16904e7f06645d8cdefd/element/485d9b99-a33e-45bb-a9e3-04c5a44c18cc/enabled'
20:08:09.514 [AsyncHttpClient-1-2] DEBUG org.asynchttpclient.netty.handler.HttpHandler - 

Request DefaultFullHttpRequest(decodeResult: success, version: HTTP/1.1, content: EmptyByteBufBE)
GET /session/5d88203a5f8b16904e7f06645d8cdefd/element/485d9b99-a33e-45bb-a9e3-04c5a44c18cc/enabled HTTP/1.1
User-Agent: selenium/4.1.2 (java windows)
Cache-Control: no-cache
Content-Type: application/json; charset=utf-8
host: localhost:62174
accept: */*

Response DefaultHttpResponse(decodeResult: success, version: HTTP/1.1)
HTTP/1.1 200 OK
Content-Type: application/json; charset=utf-8
cache-control: no-cache
content-length: 14

20:08:09.515 [AsyncHttpClient-1-2] DEBUG org.asynchttpclient.netty.channel.ChannelManager - Adding key: http://localhost:62174 for channel [id: 0x6528835a, L:/127.0.0.1:60193 - R:localhost/127.0.0.1:62174]
20:08:09.517 [Forwarding findElement on session 5d88203a5f8b16904e7f06645d8cdefd to remote] DEBUG org.asynchttpclient.netty.request.NettyRequestSender - Using pooled Channel '[id: 0x6528835a, L:/127.0.0.1:60193 - R:localhost/127.0.0.1:62174]' for 'POST' to 'http://localhost:62174/session/5d88203a5f8b16904e7f06645d8cdefd/element'
20:08:09.517 [Forwarding findElement on session 5d88203a5f8b16904e7f06645d8cdefd to remote] DEBUG org.asynchttpclient.netty.request.NettyRequestSender - Using open Channel [id: 0x6528835a, L:/127.0.0.1:60193 - R:localhost/127.0.0.1:62174] for POST '/session/5d88203a5f8b16904e7f06645d8cdefd/element'
20:08:09.529 [AsyncHttpClient-1-2] DEBUG org.asynchttpclient.netty.handler.HttpHandler - 

Request DefaultHttpRequest(decodeResult: success, version: HTTP/1.1)
POST /session/5d88203a5f8b16904e7f06645d8cdefd/element HTTP/1.1
User-Agent: selenium/4.1.2 (java windows)
Content-Length: 82
Content-Type: application/json; charset=utf-8
host: localhost:62174
accept: */*

Response DefaultHttpResponse(decodeResult: success, version: HTTP/1.1)
HTTP/1.1 200 OK
Content-Type: application/json; charset=utf-8
cache-control: no-cache
content-length: 88

20:08:09.529 [AsyncHttpClient-1-2] DEBUG org.asynchttpclient.netty.channel.ChannelManager - Adding key: http://localhost:62174 for channel [id: 0x6528835a, L:/127.0.0.1:60193 - R:localhost/127.0.0.1:62174]
20:08:09.531 [Forwarding clickElement on session 5d88203a5f8b16904e7f06645d8cdefd to remote] DEBUG org.asynchttpclient.netty.request.NettyRequestSender - Using pooled Channel '[id: 0x6528835a, L:/127.0.0.1:60193 - R:localhost/127.0.0.1:62174]' for 'POST' to 'http://localhost:62174/session/5d88203a5f8b16904e7f06645d8cdefd/element/485d9b99-a33e-45bb-a9e3-04c5a44c18cc/click'
20:08:09.531 [Forwarding clickElement on session 5d88203a5f8b16904e7f06645d8cdefd to remote] DEBUG org.asynchttpclient.netty.request.NettyRequestSender - Using open Channel [id: 0x6528835a, L:/127.0.0.1:60193 - R:localhost/127.0.0.1:62174] for POST '/session/5d88203a5f8b16904e7f06645d8cdefd/element/485d9b99-a33e-45bb-a9e3-04c5a44c18cc/click'
20:08:09.696 [AsyncHttpClient-1-1] DEBUG org.asynchttpclient.netty.channel.DefaultChannelPool - Entry count for : http://localhost:60194 : 1
20:08:09.757 [AsyncHttpClient-1-2] DEBUG org.asynchttpclient.netty.handler.HttpHandler - 

Request DefaultHttpRequest(decodeResult: success, version: HTTP/1.1)
POST /session/5d88203a5f8b16904e7f06645d8cdefd/element/485d9b99-a33e-45bb-a9e3-04c5a44c18cc/click HTTP/1.1
User-Agent: selenium/4.1.2 (java windows)
Content-Length: 50
Content-Type: application/json; charset=utf-8
host: localhost:62174
accept: */*

Response DefaultHttpResponse(decodeResult: success, version: HTTP/1.1)
HTTP/1.1 200 OK
Content-Type: application/json; charset=utf-8
cache-control: no-cache
content-length: 14

20:08:09.757 [AsyncHttpClient-1-2] DEBUG org.asynchttpclient.netty.channel.ChannelManager - Adding key: http://localhost:62174 for channel [id: 0x6528835a, L:/127.0.0.1:60193 - R:localhost/127.0.0.1:62174]
20:08:09.760 [Forwarding findElement on session 5d88203a5f8b16904e7f06645d8cdefd to remote] DEBUG org.asynchttpclient.netty.request.NettyRequestSender - Using pooled Channel '[id: 0x6528835a, L:/127.0.0.1:60193 - R:localhost/127.0.0.1:62174]' for 'POST' to 'http://localhost:62174/session/5d88203a5f8b16904e7f06645d8cdefd/element'
[...]
HTTP/1.1 200 OK
Content-Type: application/json; charset=utf-8
cache-control: no-cache
content-length: 88

20:09:02.480 [AsyncHttpClient-1-9] DEBUG org.asynchttpclient.netty.channel.ChannelManager - Adding key: http://localhost:63139 for channel [id: 0xe6d397d9, L:/127.0.0.1:60298 - R:localhost/127.0.0.1:63139]
20:09:02.482 [Forwarding sendKeysToElement on session a84d6f43377f7a121f678b406b12f8ba to remote] DEBUG org.asynchttpclient.netty.request.NettyRequestSender - Using pooled Channel '[id: 0xe6d397d9, L:/127.0.0.1:60298 - R:localhost/127.0.0.1:63139]' for 'POST' to 'http://localhost:63139/session/a84d6f43377f7a121f678b406b12f8ba/element/d4f032ce-bbab-417e-81db-10b74a19907c/value'
20:09:02.482 [Forwarding sendKeysToElement on session a84d6f43377f7a121f678b406b12f8ba to remote] DEBUG org.asynchttpclient.netty.request.NettyRequestSender - Using open Channel [id: 0xe6d397d9, L:/127.0.0.1:60298 - R:localhost/127.0.0.1:63139] for POST '/session/a84d6f43377f7a121f678b406b12f8ba/element/d4f032ce-bbab-417e-81db-10b74a19907c/value'
20:09:02.496 [AsyncHttpClient-1-1] DEBUG org.asynchttpclient.netty.channel.DefaultChannelPool - Entry count for : http://localhost:60299 : 1
20:09:02.546 [AsyncHttpClient-1-9] DEBUG org.asynchttpclient.netty.handler.HttpHandler - 

Request DefaultHttpRequest(decodeResult: success, version: HTTP/1.1)
POST /session/a84d6f43377f7a121f678b406b12f8ba/element/d4f032ce-bbab-417e-81db-10b74a19907c/value HTTP/1.1
User-Agent: selenium/4.1.2 (java windows)
Content-Length: 161
Content-Type: application/json; charset=utf-8
host: localhost:63139
accept: */*

Response DefaultHttpResponse(decodeResult: success, version: HTTP/1.1)
HTTP/1.1 200 OK
Content-Type: application/json; charset=utf-8
cache-control: no-cache
content-length: 14

20:09:02.546 [AsyncHttpClient-1-9] DEBUG org.asynchttpclient.netty.channel.ChannelManager - Adding key: http://localhost:63139 for channel [id: 0xe6d397d9, L:/127.0.0.1:60298 - R:localhost/127.0.0.1:63139]
20:09:02.548 [Forwarding findElement on session a84d6f43377f7a121f678b406b12f8ba to remote] DEBUG org.asynchttpclient.netty.request.NettyRequestSender - Using pooled Channel '[id: 0xe6d397d9, L:/127.0.0.1:60298 - R:localhost/127.0.0.1:63139]' for 'POST' to 'http://localhost:63139/session/a84d6f43377f7a121f678b406b12f8ba/element'
20:09:02.548 [Forwarding findElement on session a84d6f43377f7a121f678b406b12f8ba to remote] DEBUG org.asynchttpclient.netty.request.NettyRequestSender - Using open Channel [id: 0xe6d397d9, L:/127.0.0.1:60298 - R:localhost/127.0.0.1:63139] for POST '/session/a84d6f43377f7a121f678b406b12f8ba/element'
20:09:02.561 [AsyncHttpClient-1-9] DEBUG org.asynchttpclient.netty.handler.HttpHandler - 

Request DefaultHttpRequest(decodeResult: success, version: HTTP/1.1)
POST /session/a84d6f43377f7a121f678b406b12f8ba/element HTTP/1.1
User-Agent: selenium/4.1.2 (java windows)
Content-Length: 58
Content-Type: application/json; charset=utf-8
host: localhost:63139
accept: */*

Response DefaultHttpResponse(decodeResult: success, version: HTTP/1.1)
HTTP/1.1 200 OK
Content-Type: application/json; charset=utf-8
cache-control: no-cache
content-length: 88

20:09:02.561 [AsyncHttpClient-1-9] DEBUG org.asynchttpclient.netty.channel.ChannelManager - Adding key: http://localhost:63139 for channel [id: 0xe6d397d9, L:/127.0.0.1:60298 - R:localhost/127.0.0.1:63139]
20:09:02.563 [Forwarding clickElement on session a84d6f43377f7a121f678b406b12f8ba to remote] DEBUG org.asynchttpclient.netty.request.NettyRequestSender - Using pooled Channel '[id: 0xe6d397d9, L:/127.0.0.1:60298 - R:localhost/127.0.0.1:63139]' for 'POST' to 'http://localhost:63139/session/a84d6f43377f7a121f678b406b12f8ba/element/045a572d-88d5-4cf4-b675-703f949d3480/click'
20:09:02.563 [Forwarding clickElement on session a84d6f43377f7a121f678b406b12f8ba to remote] DEBUG org.asynchttpclient.netty.request.NettyRequestSender - Using open Channel [id: 0xe6d397d9, L:/127.0.0.1:60298 - R:localhost/127.0.0.1:63139] for POST '/session/a84d6f43377f7a121f678b406b12f8ba/element/045a572d-88d5-4cf4-b675-703f949d3480/click'
20:09:03.597 [AsyncHttpClient-1-1] DEBUG org.asynchttpclient.netty.channel.DefaultChannelPool - Entry count for : http://localhost:60299 : 1
20:09:04.448 [AsyncHttpClient-1-9] DEBUG org.asynchttpclient.netty.handler.HttpHandler - 

Request DefaultHttpRequest(decodeResult: success, version: HTTP/1.1)
POST /session/a84d6f43377f7a121f678b406b12f8ba/element/045a572d-88d5-4cf4-b675-703f949d3480/click HTTP/1.1
User-Agent: selenium/4.1.2 (java windows)
Content-Length: 50
Content-Type: application/json; charset=utf-8
host: localhost:63139
accept: */*

Response DefaultHttpResponse(decodeResult: success, version: HTTP/1.1)
HTTP/1.1 200 OK
Content-Type: application/json; charset=utf-8
cache-control: no-cache
content-length: 14

20:09:04.448 [AsyncHttpClient-1-9] DEBUG org.asynchttpclient.netty.channel.ChannelManager - Adding key: http://localhost:63139 for channel [id: 0xe6d397d9, L:/127.0.0.1:60298 - R:localhost/127.0.0.1:63139]
20:09:04.450 [Forwarding findElement on session a84d6f43377f7a121f678b406b12f8ba to remote] DEBUG org.asynchttpclient.netty.request.NettyRequestSender - Using pooled Channel '[id: 0xe6d397d9, L:/127.0.0.1:60298 - R:localhost/127.0.0.1:63139]' for 'POST' to 'http://localhost:63139/session/a84d6f43377f7a121f678b406b12f8ba/element'
20:09:04.451 [Forwarding findElement on session a84d6f43377f7a121f678b406b12f8ba to remote] DEBUG org.asynchttpclient.netty.request.NettyRequestSender - Using open Channel [id: 0xe6d397d9, L:/127.0.0.1:60298 - R:localhost/127.0.0.1:63139] for POST '/session/a84d6f43377f7a121f678b406b12f8ba/element'
20:09:04.471 [AsyncHttpClient-1-9] DEBUG org.asynchttpclient.netty.handler.HttpHandler - 

Request DefaultHttpRequest(decodeResult: success, version: HTTP/1.1)
POST /session/a84d6f43377f7a121f678b406b12f8ba/element HTTP/1.1
User-Agent: selenium/4.1.2 (java windows)
Content-Length: 100
Content-Type: application/json; charset=utf-8
host: localhost:63139
accept: */*

Response DefaultHttpResponse(decodeResult: success, version: HTTP/1.1)
HTTP/1.1 200 OK
Content-Type: application/json; charset=utf-8
cache-control: no-cache
content-length: 88

20:09:04.471 [AsyncHttpClient-1-9] DEBUG org.asynchttpclient.netty.channel.ChannelManager - Adding key: http://localhost:63139 for channel [id: 0xe6d397d9, L:/127.0.0.1:60298 - R:localhost/127.0.0.1:63139]
20:09:04.477 [Forwarding isElementDisplayed on session a84d6f43377f7a121f678b406b12f8ba to remote] DEBUG org.asynchttpclient.netty.request.NettyRequestSender - Using pooled Channel '[id: 0xe6d397d9, L:/127.0.0.1:60298 - R:localhost/127.0.0.1:63139]' for 'POST' to 'http://localhost:63139/session/a84d6f43377f7a121f678b406b12f8ba/execute/sync'
20:09:04.477 [Forwarding isElementDisplayed on session a84d6f43377f7a121f678b406b12f8ba to remote] DEBUG org.asynchttpclient.netty.request.NettyRequestSender - Using open Channel [id: 0xe6d397d9, L:/127.0.0.1:60298 - R:localhost/127.0.0.1:63139] for POST '/session/a84d6f43377f7a121f678b406b12f8ba/execute/sync'
20:09:04.493 [AsyncHttpClient-1-9] DEBUG org.asynchttpclient.netty.handler.HttpHandler - 

Request DefaultHttpRequest(decodeResult: success, version: HTTP/1.1)
POST /session/a84d6f43377f7a121f678b406b12f8ba/execute/sync HTTP/1.1
User-Agent: selenium/4.1.2 (java windows)
Content-Length: 48780
Content-Type: application/json; charset=utf-8
host: localhost:63139
accept: */*

Response DefaultHttpResponse(decodeResult: success, version: HTTP/1.1)
HTTP/1.1 200 OK
Content-Type: application/json; charset=utf-8
cache-control: no-cache
content-length: 14

20:09:04.494 [AsyncHttpClient-1-9] DEBUG org.asynchttpclient.netty.channel.ChannelManager - Adding key: http://localhost:63139 for channel [id: 0xe6d397d9, L:/127.0.0.1:60298 - R:localhost/127.0.0.1:63139]
20:09:04.495 [Forwarding findElement on session a84d6f43377f7a121f678b406b12f8ba to remote] DEBUG org.asynchttpclient.netty.request.NettyRequestSender - Using pooled Channel '[id: 0xe6d397d9, L:/127.0.0.1:60298 - R:localhost/127.0.0.1:63139]' for 'POST' to 'http://localhost:63139/session/a84d6f43377f7a121f678b406b12f8ba/element'
20:09:04.495 [Forwarding findElement on session a84d6f43377f7a121f678b406b12f8ba to remote] DEBUG org.asynchttpclient.netty.request.NettyRequestSender - Using open Channel [id: 0xe6d397d9, L:/127.0.0.1:60298 - R:localhost/127.0.0.1:63139] for POST '/session/a84d6f43377f7a121f678b406b12f8ba/element'
20:09:04.506 [AsyncHttpClient-1-9] DEBUG org.asynchttpclient.netty.handler.HttpHandler - 

Request DefaultHttpRequest(decodeResult: success, version: HTTP/1.1)
POST /session/a84d6f43377f7a121f678b406b12f8ba/element HTTP/1.1
User-Agent: selenium/4.1.2 (java windows)
Content-Length: 56
Content-Type: application/json; charset=utf-8
host: localhost:63139
accept: */*

Response DefaultHttpResponse(decodeResult: success, version: HTTP/1.1)
HTTP/1.1 200 OK
Content-Type: application/json; charset=utf-8
cache-control: no-cache
content-length: 88

20:09:04.507 [AsyncHttpClient-1-9] DEBUG org.asynchttpclient.netty.channel.ChannelManager - Adding key: http://localhost:63139 for channel [id: 0xe6d397d9, L:/127.0.0.1:60298 - R:localhost/127.0.0.1:63139]
20:09:04.509 [Forwarding clickElement on session a84d6f43377f7a121f678b406b12f8ba to remote] DEBUG org.asynchttpclient.netty.request.NettyRequestSender - Using pooled Channel '[id: 0xe6d397d9, L:/127.0.0.1:60298 - R:localhost/127.0.0.1:63139]' for 'POST' to 'http://localhost:63139/session/a84d6f43377f7a121f678b406b12f8ba/element/b6a5b88c-7678-4cc8-b161-5d4d7cc72187/click'
20:09:04.509 [Forwarding clickElement on session a84d6f43377f7a121f678b406b12f8ba to remote] DEBUG org.asynchttpclient.netty.request.NettyRequestSender - Using open Channel [id: 0xe6d397d9, L:/127.0.0.1:60298 - R:localhost/127.0.0.1:63139] for POST '/session/a84d6f43377f7a121f678b406b12f8ba/element/b6a5b88c-7678-4cc8-b161-5d4d7cc72187/click'
20:09:04.696 [AsyncHttpClient-1-1] DEBUG org.asynchttpclient.netty.channel.DefaultChannelPool - Entry count for : http://localhost:60299 : 1
20:09:05.206 [AsyncHttpClient-1-9] DEBUG org.asynchttpclient.netty.handler.HttpHandler - 

Request DefaultHttpRequest(decodeResult: success, version: HTTP/1.1)
POST /session/a84d6f43377f7a121f678b406b12f8ba/element/b6a5b88c-7678-4cc8-b161-5d4d7cc72187/click HTTP/1.1
User-Agent: selenium/4.1.2 (java windows)
Content-Length: 50
Content-Type: application/json; charset=utf-8
host: localhost:63139
accept: */*

Response DefaultHttpResponse(decodeResult: success, version: HTTP/1.1)
HTTP/1.1 200 OK
Content-Type: application/json; charset=utf-8
cache-control: no-cache
content-length: 14

20:09:05.206 [AsyncHttpClient-1-9] DEBUG org.asynchttpclient.netty.channel.ChannelManager - Adding key: http://localhost:63139 for channel [id: 0xe6d397d9, L:/127.0.0.1:60298 - R:localhost/127.0.0.1:63139]
20:09:05.208 [Forwarding findElement on session a84d6f43377f7a121f678b406b12f8ba to remote] DEBUG org.asynchttpclient.netty.request.NettyRequestSender - Using pooled Channel '[id: 0xe6d397d9, L:/127.0.0.1:60298 - R:localhost/127.0.0.1:63139]' for 'POST' to 'http://localhost:63139/session/a84d6f43377f7a121f678b406b12f8ba/element'
20:09:05.209 [Forwarding findElement on session a84d6f43377f7a121f678b406b12f8ba to remote] DEBUG org.asynchttpclient.netty.request.NettyRequestSender - Using open Channel [id: 0xe6d397d9, L:/127.0.0.1:60298 - R:localhost/127.0.0.1:63139] for POST '/session/a84d6f43377f7a121f678b406b12f8ba/element'
20:09:05.224 [AsyncHttpClient-1-9] DEBUG org.asynchttpclient.netty.handler.HttpHandler - 

Request DefaultHttpRequest(decodeResult: success, version: HTTP/1.1)
POST /session/a84d6f43377f7a121f678b406b12f8ba/element HTTP/1.1
User-Agent: selenium/4.1.2 (java windows)
Content-Length: 97
Content-Type: application/json; charset=utf-8
host: localhost:63139
accept: */*

Response DefaultHttpResponse(decodeResult: success, version: HTTP/1.1)
HTTP/1.1 200 OK
Content-Type: application/json; charset=utf-8
cache-control: no-cache
content-length: 88

20:09:05.225 [AsyncHttpClient-1-9] DEBUG org.asynchttpclient.netty.channel.ChannelManager - Adding key: http://localhost:63139 for channel [id: 0xe6d397d9, L:/127.0.0.1:60298 - R:localhost/127.0.0.1:63139]
20:09:05.229 [Forwarding isElementDisplayed on session a84d6f43377f7a121f678b406b12f8ba to remote] DEBUG org.asynchttpclient.netty.request.NettyRequestSender - Using pooled Channel '[id: 0xe6d397d9, L:/127.0.0.1:60298 - R:localhost/127.0.0.1:63139]' for 'POST' to 'http://localhost:63139/session/a84d6f43377f7a121f678b406b12f8ba/execute/sync'
20:09:05.230 [Forwarding isElementDisplayed on session a84d6f43377f7a121f678b406b12f8ba to remote] DEBUG org.asynchttpclient.netty.request.NettyRequestSender - Using open Channel [id: 0xe6d397d9, L:/127.0.0.1:60298 - R:localhost/127.0.0.1:63139] for POST '/session/a84d6f43377f7a121f678b406b12f8ba/execute/sync'
20:09:05.249 [AsyncHttpClient-1-9] DEBUG org.asynchttpclient.netty.handler.HttpHandler - 

Request DefaultHttpRequest(decodeResult: success, version: HTTP/1.1)
POST /session/a84d6f43377f7a121f678b406b12f8ba/execute/sync HTTP/1.1
User-Agent: selenium/4.1.2 (java windows)
Content-Length: 48780
Content-Type: application/json; charset=utf-8
host: localhost:63139
accept: */*

Response DefaultHttpResponse(decodeResult: success, version: HTTP/1.1)
HTTP/1.1 200 OK
Content-Type: application/json; charset=utf-8
cache-control: no-cache
content-length: 14

20:09:05.249 [AsyncHttpClient-1-9] DEBUG org.asynchttpclient.netty.channel.ChannelManager - Adding key: http://localhost:63139 for channel [id: 0xe6d397d9, L:/127.0.0.1:60298 - R:localhost/127.0.0.1:63139]
20:09:05.251 [AsyncHttpClient-1-3] DEBUG org.asynchttpclient.netty.handler.WebSocketHandler - Channel Closed: [id: 0xe47847db, L:/127.0.0.1:60305 ! R:localhost/127.0.0.1:60299] with attribute NettyResponseFuture{currentRetry=5,
	isDone=1,
	isCancelled=0,
	asyncHandler=org.asynchttpclient.ws.WebSocketUpgradeHandler@13fd4f81,
	nettyRequest=org.asynchttpclient.netty.request.NettyRequest@47f709cb,
	future=java.util.concurrent.CompletableFuture@2af8bc74[Completed normally],
	uri=ws://localhost:60299/devtools/browser/7f3fd799-0f96-41e0-8f7f-115df8904efe,
	keepAlive=true,
	redirectCount=0,
	timeoutsHolder=null,
	inAuth=0,
	touch=1648231738419}
20:09:05.251 [AsyncHttpClient-1-3] DEBUG org.asynchttpclient.netty.channel.ChannelManager - Closing Channel [id: 0xe47847db, L:/127.0.0.1:60305 ! R:localhost/127.0.0.1:60299] 
20:09:05.252 [Driver Command Executor] DEBUG org.asynchttpclient.netty.request.NettyRequestSender - Using pooled Channel '[id: 0xe6d397d9, L:/127.0.0.1:60298 - R:localhost/127.0.0.1:63139]' for 'DELETE' to 'http://localhost:63139/session/a84d6f43377f7a121f678b406b12f8ba'
20:09:05.252 [Driver Command Executor] DEBUG org.asynchttpclient.netty.request.NettyRequestSender - Using open Channel [id: 0xe6d397d9, L:/127.0.0.1:60298 - R:localhost/127.0.0.1:63139] for DELETE '/session/a84d6f43377f7a121f678b406b12f8ba'
20:09:05.265 [AsyncHttpClient-1-2] DEBUG org.asynchttpclient.netty.handler.HttpHandler - Unexpected I/O exception on channel [id: 0x3e412acb, L:/127.0.0.1:60304 - R:localhost/127.0.0.1:60299]
java.net.SocketException: Connection reset
	at java.base/sun.nio.ch.SocketChannelImpl.throwConnectionReset(SocketChannelImpl.java:394)
	at java.base/sun.nio.ch.SocketChannelImpl.read(SocketChannelImpl.java:426)
	at io.netty.buffer.PooledByteBuf.setBytes(PooledByteBuf.java:258)
	at io.netty.buffer.AbstractByteBuf.writeBytes(AbstractByteBuf.java:1132)
	at io.netty.channel.socket.nio.NioSocketChannel.doReadBytes(NioSocketChannel.java:350)
	at io.netty.channel.nio.AbstractNioByteChannel$NioByteUnsafe.read(AbstractNioByteChannel.java:151)
	at io.netty.channel.nio.NioEventLoop.processSelectedKey(NioEventLoop.java:722)
	at io.netty.channel.nio.NioEventLoop.processSelectedKeysOptimized(NioEventLoop.java:658)
	at io.netty.channel.nio.NioEventLoop.processSelectedKeys(NioEventLoop.java:584)
	at io.netty.channel.nio.NioEventLoop.run(NioEventLoop.java:496)
	at io.netty.util.concurrent.SingleThreadEventExecutor$4.run(SingleThreadEventExecutor.java:986)
	at io.netty.util.internal.ThreadExecutorMap$2.run(ThreadExecutorMap.java:74)
	at io.netty.util.concurrent.FastThreadLocalRunnable.run(FastThreadLocalRunnable.java:30)
	at java.base/java.lang.Thread.run(Thread.java:833)
20:09:05.265 [AsyncHttpClient-1-2] DEBUG org.asynchttpclient.netty.channel.ChannelManager - Closing Channel [id: 0x3e412acb, L:/127.0.0.1:60304 - R:localhost/127.0.0.1:60299] 
20:09:05.265 [AsyncHttpClient-1-2] DEBUG org.asynchttpclient.netty.handler.HttpHandler - Channel Closed: [id: 0x3e412acb, L:/127.0.0.1:60304 ! R:localhost/127.0.0.1:60299] with attribute DISCARD
20:09:05.282 [AsyncHttpClient-1-9] DEBUG org.asynchttpclient.netty.handler.HttpHandler - 

Request DefaultFullHttpRequest(decodeResult: success, version: HTTP/1.1, content: EmptyByteBufBE)
DELETE /session/a84d6f43377f7a121f678b406b12f8ba HTTP/1.1
User-Agent: selenium/4.1.2 (java windows)
Content-Type: application/json; charset=utf-8
host: localhost:63139
accept: */*

Response DefaultHttpResponse(decodeResult: success, version: HTTP/1.1)
HTTP/1.1 200 OK
Content-Type: application/json; charset=utf-8
cache-control: no-cache
content-length: 14

20:09:05.283 [AsyncHttpClient-1-9] DEBUG org.asynchttpclient.netty.channel.ChannelManager - Adding key: http://localhost:63139 for channel [id: 0xe6d397d9, L:/127.0.0.1:60298 - R:localhost/127.0.0.1:63139]
20:09:05.366 [AsyncHttpClient-1-9] DEBUG org.asynchttpclient.netty.handler.HttpHandler - Channel Closed: [id: 0xe6d397d9, L:/127.0.0.1:60298 ! R:localhost/127.0.0.1:63139] with attribute DISCARD
20:09:05.796 [AsyncHttpClient-1-1] DEBUG org.asynchttpclient.netty.channel.DefaultChannelPool - Entry count for : http://localhost:60299 : 1
20:09:05.796 [AsyncHttpClient-1-1] DEBUG org.asynchttpclient.netty.channel.DefaultChannelPool - Entry count for : http://localhost:63139 : 1
20:09:05.796 [AsyncHttpClient-1-1] DEBUG org.asynchttpclient.netty.channel.DefaultChannelPool - Adding Candidate expired Channel [id: 0x3e412acb, L:/127.0.0.1:60304 ! R:localhost/127.0.0.1:60299] isIdleTimeoutExpired=false isRemotelyClosed=true isTtlExpired=false
20:09:05.796 [AsyncHttpClient-1-1] DEBUG org.asynchttpclient.netty.channel.DefaultChannelPool - Closing Idle Channel [id: 0x3e412acb, L:/127.0.0.1:60304 ! R:localhost/127.0.0.1:60299]
20:09:05.796 [AsyncHttpClient-1-1] DEBUG org.asynchttpclient.netty.channel.DefaultChannelPool - Adding Candidate expired Channel [id: 0xe6d397d9, L:/127.0.0.1:60298 ! R:localhost/127.0.0.1:63139] isIdleTimeoutExpired=false isRemotelyClosed=true isTtlExpired=false
20:09:05.796 [AsyncHttpClient-1-1] DEBUG org.asynchttpclient.netty.channel.DefaultChannelPool - Closing Idle Channel [id: 0xe6d397d9, L:/127.0.0.1:60298 ! R:localhost/127.0.0.1:63139]
20:09:05.796 [AsyncHttpClient-1-1] DEBUG org.asynchttpclient.netty.channel.DefaultChannelPool - Closed 2 connections out of 2 in 0 ms
]]></system-out>
    <system-err><![CDATA[Starting ChromeDriver 99.0.4844.51 (d537ec02474b5afe23684e7963d538896c63ac77-refs/branch-heads/4844@{#875}) on port 63139
Only local connections are allowed.
Please see https://chromedriver.chromium.org/security-considerations for suggestions on keeping ChromeDriver safe.
ChromeDriver was started successfully.
март 25, 2022 8:08:58 СЛ.ОБ. org.openqa.selenium.remote.ProtocolHandshake createSession
INFO: Detected dialect: W3C
март 25, 2022 8:08:58 СЛ.ОБ. org.openqa.selenium.devtools.CdpVersionFinder findNearestMatch
WARNING: Unable to find an exact match for CDP version 99, so returning the closest version found: 97
март 25, 2022 8:08:58 СЛ.ОБ. org.openqa.selenium.devtools.CdpVersionFinder findNearestMatch
INFO: Found CDP implementation for version 99 of 97
]]></system-err>
  </testcase>
</testsuite>